<?xml version="1.0" encoding="UTF-8"?>
<coverage generated="1773605674175" clover="3.2.0">
  <project timestamp="1773605674175" name="All files">
    <metrics statements="389" coveredstatements="334" conditionals="174" coveredconditionals="149" methods="85" coveredmethods="75" elements="648" coveredelements="558" complexity="0" loc="389" ncloc="389" packages="4" files="10" classes="10"/>
    <package name="features.daily.lib">
      <metrics statements="105" coveredstatements="59" conditionals="35" coveredconditionals="18" methods="18" coveredmethods="10"/>
      <file name="dailyPuzzle.ts" path="/Users/pedrooliveiragonzaga/Documents/Development/daily-sudoku/src/features/daily/lib/dailyPuzzle.ts">
        <metrics statements="16" coveredstatements="8" conditionals="1" coveredconditionals="1" methods="4" coveredmethods="2"/>
        <line num="4" count="1" type="stmt"/>
        <line num="5" count="1" type="stmt"/>
        <line num="7" count="3" type="stmt"/>
        <line num="16" count="7" type="stmt"/>
        <line num="17" count="7" type="stmt"/>
        <line num="18" count="7" type="stmt"/>
        <line num="19" count="7" type="stmt"/>
        <line num="20" count="7" type="stmt"/>
        <line num="24" count="0" type="stmt"/>
        <line num="25" count="0" type="stmt"/>
        <line num="26" count="0" type="stmt"/>
        <line num="27" count="0" type="stmt"/>
        <line num="28" count="0" type="stmt"/>
        <line num="32" count="0" type="stmt"/>
        <line num="33" count="0" type="stmt"/>
        <line num="34" count="0" type="stmt"/>
      </file>
      <file name="shareFormatter.ts" path="/Users/pedrooliveiragonzaga/Documents/Development/daily-sudoku/src/features/daily/lib/shareFormatter.ts">
        <metrics statements="35" coveredstatements="18" conditionals="6" coveredconditionals="5" methods="4" coveredmethods="3"/>
        <line num="12" count="9" type="stmt"/>
        <line num="13" count="9" type="stmt"/>
        <line num="14" count="9" type="stmt"/>
        <line num="18" count="9" type="stmt"/>
        <line num="19" count="9" type="stmt"/>
        <line num="20" count="81" type="stmt"/>
        <line num="21" count="81" type="stmt"/>
        <line num="22" count="729" type="stmt"/>
        <line num="23" count="729" type="cond" truecount="2" falsecount="0"/>
        <line num="24" count="1" type="stmt"/>
        <line num="25" count="728" type="cond" truecount="1" falsecount="1"/>
        <line num="26" count="728" type="stmt"/>
        <line num="28" count="0" type="stmt"/>
        <line num="31" count="81" type="stmt"/>
        <line num="33" count="9" type="stmt"/>
        <line num="37" count="9" type="stmt"/>
        <line num="38" count="9" type="cond" truecount="2" falsecount="0"/>
        <line num="39" count="9" type="stmt"/>
        <line num="41" count="9" type="stmt"/>
        <line num="55" count="0" type="stmt"/>
        <line num="56" count="0" type="stmt"/>
        <line num="57" count="0" type="stmt"/>
        <line num="58" count="0" type="stmt"/>
        <line num="60" count="0" type="stmt"/>
        <line num="61" count="0" type="stmt"/>
        <line num="62" count="0" type="stmt"/>
        <line num="63" count="0" type="stmt"/>
        <line num="64" count="0" type="stmt"/>
        <line num="65" count="0" type="stmt"/>
        <line num="66" count="0" type="stmt"/>
        <line num="67" count="0" type="stmt"/>
        <line num="68" count="0" type="stmt"/>
        <line num="69" count="0" type="stmt"/>
        <line num="70" count="0" type="stmt"/>
        <line num="72" count="0" type="stmt"/>
      </file>
      <file name="statsApi.ts" path="/Users/pedrooliveiragonzaga/Documents/Development/daily-sudoku/src/features/daily/lib/statsApi.ts">
        <metrics statements="32" coveredstatements="11" conditionals="20" coveredconditionals="4" methods="6" coveredmethods="1"/>
        <line num="3" count="1" type="stmt"/>
        <line num="4" count="1" type="stmt"/>
        <line num="5" count="1" type="stmt"/>
        <line num="8" count="0" type="cond" truecount="0" falsecount="2"/>
        <line num="12" count="0" type="stmt"/>
        <line num="22" count="0" type="cond" truecount="0" falsecount="2"/>
        <line num="23" count="0" type="stmt"/>
        <line num="24" count="0" type="stmt"/>
        <line num="28" count="0" type="cond" truecount="0" falsecount="2"/>
        <line num="29" count="0" type="stmt"/>
        <line num="30" count="0" type="cond" truecount="0" falsecount="2"/>
        <line num="32" count="0" type="stmt"/>
        <line num="42" count="0" type="cond" truecount="0" falsecount="2"/>
        <line num="43" count="0" type="stmt"/>
        <line num="44" count="0" type="cond" truecount="0" falsecount="2"/>
        <line num="45" count="0" type="stmt"/>
        <line num="47" count="0" type="stmt"/>
        <line num="60" count="0" type="stmt"/>
        <line num="74" count="0" type="cond" truecount="0" falsecount="2"/>
        <line num="75" count="0" type="stmt"/>
        <line num="76" count="0" type="cond" truecount="0" falsecount="2"/>
        <line num="77" count="0" type="stmt"/>
        <line num="78" count="0" type="stmt"/>
        <line num="88" count="0" type="stmt"/>
        <line num="100" count="6" type="stmt"/>
        <line num="102" count="6" type="cond" truecount="2" falsecount="0"/>
        <line num="105" count="6" type="stmt"/>
        <line num="107" count="6" type="cond" truecount="2" falsecount="0"/>
        <line num="110" count="6" type="stmt"/>
        <line num="111" count="6" type="stmt"/>
        <line num="112" count="6" type="stmt"/>
        <line num="113" count="6" type="stmt"/>
      </file>
      <file name="streakTracker.ts" path="/Users/pedrooliveiragonzaga/Documents/Development/daily-sudoku/src/features/daily/lib/streakTracker.ts">
        <metrics statements="22" coveredstatements="22" conditionals="8" coveredconditionals="8" methods="4" coveredmethods="4"/>
        <line num="3" count="1" type="stmt"/>
        <line num="6" count="6" type="stmt"/>
        <line num="7" count="6" type="stmt"/>
        <line num="8" count="6" type="stmt"/>
        <line num="9" count="6" type="stmt"/>
        <line num="10" count="6" type="stmt"/>
        <line num="14" count="15" type="stmt"/>
        <line num="15" count="15" type="stmt"/>
        <line num="16" count="15" type="cond" truecount="2" falsecount="0"/>
        <line num="18" count="7" type="stmt"/>
        <line num="22" count="12" type="stmt"/>
        <line num="26" count="13" type="stmt"/>
        <line num="28" count="13" type="cond" truecount="2" falsecount="0"/>
        <line num="32" count="12" type="cond" truecount="2" falsecount="0"/>
        <line num="33" count="6" type="stmt"/>
        <line num="35" count="6" type="stmt"/>
        <line num="36" count="6" type="cond" truecount="2" falsecount="0"/>
        <line num="37" count="4" type="stmt"/>
        <line num="39" count="2" type="stmt"/>
        <line num="43" count="12" type="stmt"/>
        <line num="49" count="12" type="stmt"/>
        <line num="50" count="12" type="stmt"/>
      </file>
    </package>
    <package name="features.game.hooks">
      <metrics statements="83" coveredstatements="75" conditionals="52" coveredconditionals="48" methods="18" coveredmethods="16"/>
      <file name="useGameState.ts" path="/Users/pedrooliveiragonzaga/Documents/Development/daily-sudoku/src/features/game/hooks/useGameState.ts">
        <metrics statements="83" coveredstatements="75" conditionals="52" coveredconditionals="48" methods="18" coveredmethods="16"/>
        <line num="25" count="2754" type="stmt"/>
        <line num="29" count="49" type="cond" truecount="7" falsecount="3"/>
        <line num="31" count="1" type="stmt"/>
        <line num="34" count="18" type="cond" truecount="4" falsecount="0"/>
        <line num="35" count="16" type="stmt"/>
        <line num="39" count="4" type="stmt"/>
        <line num="42" count="1" type="stmt"/>
        <line num="45" count="3" type="cond" truecount="5" falsecount="0"/>
        <line num="46" count="2" type="stmt"/>
        <line num="47" count="2" type="cond" truecount="2" falsecount="0"/>
        <line num="48" count="1" type="cond" truecount="3" falsecount="1"/>
        <line num="50" count="0" type="stmt"/>
        <line num="51" count="0" type="stmt"/>
        <line num="52" count="0" type="stmt"/>
        <line num="53" count="0" type="stmt"/>
        <line num="55" count="0" type="stmt"/>
        <line num="59" count="2" type="cond" truecount="2" falsecount="0"/>
        <line num="60" count="1" type="stmt"/>
        <line num="61" count="1" type="stmt"/>
        <line num="70" count="20" type="cond" truecount="5" falsecount="0"/>
        <line num="71" count="19" type="stmt"/>
        <line num="72" count="19" type="cond" truecount="2" falsecount="0"/>
        <line num="73" count="18" type="cond" truecount="4" falsecount="0"/>
        <line num="75" count="17" type="stmt"/>
        <line num="77" count="17" type="stmt"/>
        <line num="82" count="17" type="cond" truecount="2" falsecount="0"/>
        <line num="83" count="4" type="stmt"/>
        <line num="84" count="4" type="cond" truecount="2" falsecount="0"/>
        <line num="85" count="1" type="stmt"/>
        <line num="87" count="3" type="stmt"/>
        <line num="89" count="4" type="stmt"/>
        <line num="92" count="13" type="stmt"/>
        <line num="93" count="13" type="stmt"/>
        <line num="95" count="13" type="stmt"/>
        <line num="97" count="13" type="stmt"/>
        <line num="98" count="13" type="stmt"/>
        <line num="99" count="13" type="stmt"/>
        <line num="100" count="13" type="stmt"/>
        <line num="102" count="13" type="cond" truecount="2" falsecount="0"/>
        <line num="103" count="7" type="stmt"/>
        <line num="104" count="7" type="stmt"/>
        <line num="105" count="7" type="stmt"/>
        <line num="106" count="7" type="stmt"/>
        <line num="108" count="6" type="stmt"/>
        <line num="109" count="54" type="stmt"/>
        <line num="110" count="54" type="stmt"/>
        <line num="112" count="6" type="stmt"/>
        <line num="113" count="6" type="stmt"/>
        <line num="114" count="6" type="stmt"/>
        <line num="115" count="18" type="stmt"/>
        <line num="116" count="54" type="stmt"/>
        <line num="121" count="13" type="cond" truecount="2" falsecount="0"/>
        <line num="122" count="20" type="cond" truecount="2" falsecount="0"/>
        <line num="124" count="20" type="stmt"/>
        <line num="125" count="20" type="stmt"/>
        <line num="127" count="20" type="stmt"/>
        <line num="143" count="0" type="stmt"/>
        <line num="146" count="0" type="stmt"/>
        <line num="149" count="0" type="stmt"/>
        <line num="154" count="70" type="stmt"/>
        <line num="159" count="70" type="stmt"/>
        <line num="160" count="18" type="stmt"/>
        <line num="163" count="70" type="stmt"/>
        <line num="164" count="20" type="stmt"/>
        <line num="167" count="70" type="stmt"/>
        <line num="168" count="3" type="stmt"/>
        <line num="171" count="70" type="stmt"/>
        <line num="172" count="4" type="stmt"/>
        <line num="175" count="70" type="stmt"/>
        <line num="176" count="2" type="stmt"/>
        <line num="179" count="70" type="stmt"/>
        <line num="180" count="1" type="stmt"/>
        <line num="183" count="70" type="stmt"/>
        <line num="184" count="1" type="stmt"/>
        <line num="188" count="70" type="stmt"/>
        <line num="189" count="28" type="cond" truecount="2" falsecount="0"/>
        <line num="190" count="7" type="stmt"/>
        <line num="191" count="7" type="stmt"/>
        <line num="196" count="70" type="stmt"/>
        <line num="197" count="35" type="cond" truecount="2" falsecount="0"/>
        <line num="198" count="1" type="stmt"/>
        <line num="199" count="1" type="stmt"/>
        <line num="203" count="70" type="stmt"/>
      </file>
    </package>
    <package name="features.game.lib">
      <metrics statements="156" coveredstatements="156" conditionals="81" coveredconditionals="77" methods="26" coveredmethods="26"/>
      <file name="completionDetector.ts" path="/Users/pedrooliveiragonzaga/Documents/Development/daily-sudoku/src/features/game/lib/completionDetector.ts">
        <metrics statements="70" coveredstatements="70" conditionals="38" coveredconditionals="35" methods="12" coveredmethods="12"/>
        <line num="6" count="54" type="stmt"/>
        <line num="7" count="54" type="stmt"/>
        <line num="8" count="734" type="cond" truecount="2" falsecount="0"/>
        <line num="9" count="27" type="stmt"/>
        <line num="12" count="486" type="stmt"/>
        <line num="16" count="54" type="stmt"/>
        <line num="17" count="54" type="stmt"/>
        <line num="18" count="2205" type="cond" truecount="2" falsecount="0"/>
        <line num="19" count="212" type="stmt"/>
        <line num="22" count="486" type="stmt"/>
        <line num="26" count="54" type="stmt"/>
        <line num="27" count="54" type="stmt"/>
        <line num="28" count="162" type="stmt"/>
        <line num="29" count="486" type="stmt"/>
        <line num="30" count="486" type="stmt"/>
        <line num="31" count="486" type="stmt"/>
        <line num="32" count="819" type="stmt"/>
        <line num="33" count="1826" type="cond" truecount="2" falsecount="0"/>
        <line num="34" count="321" type="stmt"/>
        <line num="35" count="321" type="stmt"/>
        <line num="38" count="819" type="cond" truecount="2" falsecount="0"/>
        <line num="40" count="486" type="cond" truecount="2" falsecount="0"/>
        <line num="41" count="165" type="stmt"/>
        <line num="45" count="54" type="stmt"/>
        <line num="49" count="54" type="stmt"/>
        <line num="50" count="54" type="stmt"/>
        <line num="51" count="486" type="stmt"/>
        <line num="52" count="486" type="stmt"/>
        <line num="53" count="4374" type="stmt"/>
        <line num="54" count="39366" type="cond" truecount="2" falsecount="0"/>
        <line num="57" count="486" type="cond" truecount="2" falsecount="0"/>
        <line num="58" count="27" type="stmt"/>
        <line num="61" count="54" type="stmt"/>
        <line num="65" count="54" type="stmt"/>
        <line num="66" count="54" type="stmt"/>
        <line num="67" count="54" type="stmt"/>
        <line num="68" count="54" type="stmt"/>
        <line num="69" count="54" type="stmt"/>
        <line num="71" count="54" type="stmt"/>
        <line num="85" count="20" type="stmt"/>
        <line num="87" count="20" type="cond" truecount="1" falsecount="1"/>
        <line num="88" count="20" type="stmt"/>
        <line num="89" count="12" type="cond" truecount="2" falsecount="0"/>
        <line num="90" count="3" type="stmt"/>
        <line num="91" count="27" type="stmt"/>
        <line num="97" count="20" type="cond" truecount="1" falsecount="1"/>
        <line num="98" count="20" type="stmt"/>
        <line num="99" count="58" type="cond" truecount="2" falsecount="0"/>
        <line num="100" count="2" type="stmt"/>
        <line num="101" count="18" type="stmt"/>
        <line num="107" count="20" type="cond" truecount="1" falsecount="1"/>
        <line num="108" count="20" type="stmt"/>
        <line num="109" count="46" type="cond" truecount="2" falsecount="0"/>
        <line num="110" count="2" type="stmt"/>
        <line num="111" count="2" type="stmt"/>
        <line num="112" count="2" type="stmt"/>
        <line num="113" count="6" type="stmt"/>
        <line num="114" count="18" type="stmt"/>
        <line num="122" count="20" type="cond" truecount="4" falsecount="0"/>
        <line num="123" count="14" type="stmt"/>
        <line num="124" count="10" type="cond" truecount="2" falsecount="0"/>
        <line num="125" count="2" type="stmt"/>
        <line num="126" count="18" type="stmt"/>
        <line num="127" count="162" type="cond" truecount="2" falsecount="0"/>
        <line num="128" count="18" type="stmt"/>
        <line num="137" count="20" type="cond" truecount="4" falsecount="0"/>
        <line num="138" count="2" type="stmt"/>
        <line num="139" count="18" type="stmt"/>
        <line num="140" count="162" type="stmt"/>
        <line num="145" count="20" type="stmt"/>
      </file>
      <file name="sudokuGenerator.ts" path="/Users/pedrooliveiragonzaga/Documents/Development/daily-sudoku/src/features/game/lib/sudokuGenerator.ts">
        <metrics statements="51" coveredstatements="51" conditionals="20" coveredconditionals="19" methods="9" coveredmethods="9"/>
        <line num="8" count="72" type="stmt"/>
        <line num="12" count="24" type="stmt"/>
        <line num="13" count="24" type="stmt"/>
        <line num="14" count="24" type="stmt"/>
        <line num="15" count="72" type="stmt"/>
        <line num="16" count="216" type="stmt"/>
        <line num="22" count="2349" type="stmt"/>
        <line num="23" count="12121" type="stmt"/>
        <line num="24" count="100851" type="cond" truecount="2" falsecount="0"/>
        <line num="26" count="2341" type="stmt"/>
        <line num="27" count="2341" type="cond" truecount="1" falsecount="1"/>
        <line num="29" count="2341" type="stmt"/>
        <line num="30" count="19120" type="cond" truecount="2" falsecount="0"/>
        <line num="31" count="2341" type="stmt"/>
        <line num="32" count="2341" type="cond" truecount="2" falsecount="0"/>
        <line num="33" count="1909" type="stmt"/>
        <line num="37" count="1909" type="stmt"/>
        <line num="40" count="8" type="stmt"/>
        <line num="44" count="142046" type="stmt"/>
        <line num="45" count="583645" type="stmt"/>
        <line num="46" count="4825983" type="cond" truecount="2" falsecount="0"/>
        <line num="48" count="141586" type="stmt"/>
        <line num="49" count="141586" type="stmt"/>
        <line num="50" count="1268618" type="cond" truecount="2" falsecount="0"/>
        <line num="51" count="141617" type="stmt"/>
        <line num="52" count="141617" type="stmt"/>
        <line num="53" count="141617" type="stmt"/>
        <line num="54" count="141617" type="cond" truecount="2" falsecount="0"/>
        <line num="57" count="140166" type="stmt"/>
        <line num="60" count="460" type="stmt"/>
        <line num="68" count="8" type="stmt"/>
        <line num="70" count="8" type="stmt"/>
        <line num="71" count="8" type="stmt"/>
        <line num="72" count="8" type="stmt"/>
        <line num="74" count="8" type="stmt"/>
        <line num="76" count="72" type="stmt"/>
        <line num="77" count="648" type="stmt"/>
        <line num="78" count="8" type="stmt"/>
        <line num="80" count="8" type="stmt"/>
        <line num="81" count="8" type="stmt"/>
        <line num="83" count="8" type="stmt"/>
        <line num="84" count="437" type="cond" truecount="2" falsecount="0"/>
        <line num="86" count="429" type="stmt"/>
        <line num="87" count="429" type="stmt"/>
        <line num="88" count="429" type="stmt"/>
        <line num="90" count="429" type="stmt"/>
        <line num="92" count="3861" type="stmt"/>
        <line num="93" count="429" type="cond" truecount="2" falsecount="0"/>
        <line num="94" count="398" type="stmt"/>
        <line num="96" count="31" type="stmt"/>
        <line num="100" count="8" type="stmt"/>
      </file>
      <file name="sudokuValidator.ts" path="/Users/pedrooliveiragonzaga/Documents/Development/daily-sudoku/src/features/game/lib/sudokuValidator.ts">
        <metrics statements="35" coveredstatements="35" conditionals="23" coveredconditionals="23" methods="5" coveredmethods="5"/>
        <line num="4" count="1287824" type="cond" truecount="2" falsecount="0"/>
        <line num="6" count="404132" type="stmt"/>
        <line num="7" count="2616738" type="cond" truecount="2" falsecount="0"/>
        <line num="10" count="177006" type="stmt"/>
        <line num="11" count="177006" type="stmt"/>
        <line num="12" count="177006" type="stmt"/>
        <line num="13" count="490232" type="stmt"/>
        <line num="14" count="1436623" type="cond" truecount="2" falsecount="0"/>
        <line num="18" count="144041" type="stmt"/>
        <line num="22" count="5" type="stmt"/>
        <line num="24" count="5" type="stmt"/>
        <line num="25" count="45" type="stmt"/>
        <line num="26" count="405" type="stmt"/>
        <line num="27" count="405" type="cond" truecount="2" falsecount="0"/>
        <line num="29" count="8" type="stmt"/>
        <line num="30" count="72" type="cond" truecount="4" falsecount="0"/>
        <line num="31" count="2" type="stmt"/>
        <line num="32" count="2" type="stmt"/>
        <line num="36" count="8" type="stmt"/>
        <line num="37" count="72" type="cond" truecount="4" falsecount="0"/>
        <line num="38" count="2" type="stmt"/>
        <line num="39" count="2" type="stmt"/>
        <line num="42" count="8" type="stmt"/>
        <line num="43" count="8" type="stmt"/>
        <line num="44" count="8" type="stmt"/>
        <line num="45" count="24" type="stmt"/>
        <line num="46" count="72" type="cond" truecount="5" falsecount="0"/>
        <line num="47" count="2" type="stmt"/>
        <line num="48" count="2" type="stmt"/>
        <line num="55" count="5" type="stmt"/>
        <line num="59" count="15" type="stmt"/>
        <line num="60" count="31" type="stmt"/>
        <line num="61" count="180" type="cond" truecount="2" falsecount="0"/>
        <line num="64" count="2" type="stmt"/>
        <line num="68" count="306" type="stmt"/>
      </file>
    </package>
    <package name="shared.lib">
      <metrics statements="45" coveredstatements="44" conditionals="6" coveredconditionals="6" methods="23" coveredmethods="23"/>
      <file name="localGameStorage.ts" path="/Users/pedrooliveiragonzaga/Documents/Development/daily-sudoku/src/shared/lib/localGameStorage.ts">
        <metrics statements="29" coveredstatements="28" conditionals="6" coveredconditionals="6" methods="19" coveredmethods="19"/>
        <line num="4" count="1" type="stmt"/>
        <line num="18" count="5" type="stmt"/>
        <line num="22" count="162" type="stmt"/>
        <line num="26" count="162" type="stmt"/>
        <line num="30" count="2" type="stmt"/>
        <line num="38" count="2" type="stmt"/>
        <line num="39" count="2" type="stmt"/>
        <line num="51" count="3" type="stmt"/>
        <line num="52" count="3" type="stmt"/>
        <line num="53" count="3" type="cond" truecount="2" falsecount="0"/>
        <line num="54" count="2" type="stmt"/>
        <line num="56" count="2" type="stmt"/>
        <line num="57" count="2" type="stmt"/>
        <line num="79" count="0" type="stmt"/>
        <line num="89" count="405" type="stmt"/>
        <line num="90" count="5" type="stmt"/>
        <line num="91" count="405" type="stmt"/>
        <line num="94" count="45" type="stmt"/>
        <line num="95" count="5" type="stmt"/>
        <line num="119" count="2" type="stmt"/>
        <line num="120" count="2" type="stmt"/>
        <line num="121" count="2" type="stmt"/>
        <line num="122" count="5" type="stmt"/>
        <line num="123" count="5" type="cond" truecount="4" falsecount="0"/>
        <line num="124" count="3" type="stmt"/>
        <line num="127" count="3" type="stmt"/>
        <line num="133" count="1" type="stmt"/>
        <line num="136" count="3" type="stmt"/>
        <line num="140" count="3" type="stmt"/>
      </file>
      <file name="seededRandom.ts" path="/Users/pedrooliveiragonzaga/Documents/Development/daily-sudoku/src/shared/lib/seededRandom.ts">
        <metrics statements="16" coveredstatements="16" conditionals="0" coveredconditionals="0" methods="4" coveredmethods="4"/>
        <line num="2" count="17" type="stmt"/>
        <line num="3" count="17" type="stmt"/>
        <line num="4" count="155" type="stmt"/>
        <line num="5" count="155" type="stmt"/>
        <line num="7" count="17" type="stmt"/>
        <line num="11" count="17" type="stmt"/>
        <line num="13" count="17" type="stmt"/>
        <line num="14" count="19748" type="stmt"/>
        <line num="15" count="19748" type="stmt"/>
        <line num="16" count="19748" type="stmt"/>
        <line num="17" count="19748" type="stmt"/>
        <line num="18" count="19748" type="stmt"/>
        <line num="23" count="2377" type="stmt"/>
        <line num="24" count="19588" type="stmt"/>
        <line num="25" count="19588" type="stmt"/>
        <line num="27" count="2377" type="stmt"/>
      </file>
    </package>
  </project>
</coverage>
