{"/Users/pedrooliveiragonzaga/Documents/Development/daily-sudoku/src/features/daily/lib/dailyPuzzle.ts": {"path":"/Users/pedrooliveiragonzaga/Documents/Development/daily-sudoku/src/features/daily/lib/dailyPuzzle.ts","statementMap":{"0":{"start":{"line":4,"column":20},"end":{"line":4,"column":null}},"1":{"start":{"line":5,"column":24},"end":{"line":5,"column":null}},"2":{"start":{"line":7,"column":2},"end":{"line":12,"column":null}},"3":{"start":{"line":16,"column":23},"end":{"line":16,"column":null}},"4":{"start":{"line":17,"column":23},"end":{"line":17,"column":null}},"5":{"start":{"line":18,"column":17},"end":{"line":18,"column":null}},"6":{"start":{"line":19,"column":18},"end":{"line":19,"column":null}},"7":{"start":{"line":20,"column":2},"end":{"line":20,"column":null}},"8":{"start":{"line":24,"column":18},"end":{"line":24,"column":null}},"9":{"start":{"line":25,"column":8},"end":{"line":25,"column":null}},"10":{"start":{"line":26,"column":8},"end":{"line":26,"column":null}},"11":{"start":{"line":27,"column":23},"end":{"line":27,"column":null}},"12":{"start":{"line":28,"column":2},"end":{"line":28,"column":null}},"13":{"start":{"line":32,"column":15},"end":{"line":32,"column":null}},"14":{"start":{"line":33,"column":8},"end":{"line":33,"column":null}},"15":{"start":{"line":34,"column":2},"end":{"line":34,"column":null}}},"fnMap":{"0":{"name":"getBrazilDateString","decl":{"start":{"line":6,"column":16},"end":{"line":6,"column":36}},"loc":{"start":{"line":6,"column":62},"end":{"line":13,"column":null}},"line":6},"1":{"name":"getPuzzleNumber","decl":{"start":{"line":15,"column":16},"end":{"line":15,"column":32}},"loc":{"start":{"line":15,"column":57},"end":{"line":21,"column":null}},"line":15},"2":{"name":"getDailyPuzzle","decl":{"start":{"line":23,"column":16},"end":{"line":23,"column":94}},"loc":{"start":{"line":23,"column":94},"end":{"line":29,"column":null}},"line":23},"3":{"name":"getPracticePuzzle","decl":{"start":{"line":31,"column":16},"end":{"line":31,"column":53}},"loc":{"start":{"line":31,"column":53},"end":{"line":35,"column":null}},"line":31}},"branchMap":{"0":{"loc":{"start":{"line":6,"column":36},"end":{"line":6,"column":62}},"type":"default-arg","locations":[{"start":{"line":6,"column":42},"end":{"line":6,"column":62}}],"line":6}},"s":{"0":1,"1":1,"2":3,"3":7,"4":7,"5":7,"6":7,"7":7,"8":0,"9":0,"10":0,"11":0,"12":0,"13":0,"14":0,"15":0},"f":{"0":3,"1":7,"2":0,"3":0},"b":{"0":[3]},"meta":{"lastBranch":1,"lastFunction":4,"lastStatement":16,"seen":{"s:4:20:4:Infinity":0,"s:5:24:5:Infinity":1,"f:6:16:6:36":0,"b:6:42:6:62":0,"s:7:2:12:Infinity":2,"f:15:16:15:32":1,"s:16:23:16:Infinity":3,"s:17:23:17:Infinity":4,"s:18:17:18:Infinity":5,"s:19:18:19:Infinity":6,"s:20:2:20:Infinity":7,"f:23:16:23:94":2,"s:24:18:24:Infinity":8,"s:25:8:25:Infinity":9,"s:26:8:26:Infinity":10,"s:27:23:27:Infinity":11,"s:28:2:28:Infinity":12,"f:31:16:31:53":3,"s:32:15:32:Infinity":13,"s:33:8:33:Infinity":14,"s:34:2:34:Infinity":15}}}
,"/Users/pedrooliveiragonzaga/Documents/Development/daily-sudoku/src/features/daily/lib/shareFormatter.ts": {"path":"/Users/pedrooliveiragonzaga/Documents/Development/daily-sudoku/src/features/daily/lib/shareFormatter.ts","statementMap":{"0":{"start":{"line":12,"column":12},"end":{"line":12,"column":null}},"1":{"start":{"line":13,"column":8},"end":{"line":13,"column":null}},"2":{"start":{"line":14,"column":2},"end":{"line":14,"column":null}},"3":{"start":{"line":18,"column":25},"end":{"line":18,"column":null}},"4":{"start":{"line":19,"column":2},"end":{"line":32,"column":null}},"5":{"start":{"line":19,"column":15},"end":{"line":19,"column":18}},"6":{"start":{"line":20,"column":14},"end":{"line":20,"column":null}},"7":{"start":{"line":21,"column":4},"end":{"line":30,"column":null}},"8":{"start":{"line":21,"column":17},"end":{"line":21,"column":20}},"9":{"start":{"line":22,"column":18},"end":{"line":22,"column":null}},"10":{"start":{"line":23,"column":6},"end":{"line":29,"column":null}},"11":{"start":{"line":24,"column":8},"end":{"line":24,"column":null}},"12":{"start":{"line":25,"column":6},"end":{"line":29,"column":null}},"13":{"start":{"line":26,"column":8},"end":{"line":26,"column":null}},"14":{"start":{"line":28,"column":8},"end":{"line":28,"column":null}},"15":{"start":{"line":31,"column":4},"end":{"line":31,"column":null}},"16":{"start":{"line":33,"column":2},"end":{"line":33,"column":null}},"17":{"start":{"line":37,"column":15},"end":{"line":37,"column":null}},"18":{"start":{"line":38,"column":23},"end":{"line":38,"column":null}},"19":{"start":{"line":39,"column":15},"end":{"line":39,"column":null}},"20":{"start":{"line":41,"column":2},"end":{"line":51,"column":null}},"21":{"start":{"line":55,"column":15},"end":{"line":55,"column":null}},"22":{"start":{"line":56,"column":2},"end":{"line":74,"column":null}},"23":{"start":{"line":57,"column":4},"end":{"line":57,"column":null}},"24":{"start":{"line":58,"column":4},"end":{"line":58,"column":null}},"25":{"start":{"line":60,"column":4},"end":{"line":73,"column":null}},"26":{"start":{"line":61,"column":17},"end":{"line":61,"column":null}},"27":{"start":{"line":62,"column":6},"end":{"line":62,"column":null}},"28":{"start":{"line":63,"column":6},"end":{"line":63,"column":null}},"29":{"start":{"line":64,"column":6},"end":{"line":64,"column":null}},"30":{"start":{"line":65,"column":6},"end":{"line":65,"column":null}},"31":{"start":{"line":66,"column":6},"end":{"line":66,"column":null}},"32":{"start":{"line":67,"column":6},"end":{"line":67,"column":null}},"33":{"start":{"line":68,"column":6},"end":{"line":68,"column":null}},"34":{"start":{"line":69,"column":6},"end":{"line":69,"column":null}},"35":{"start":{"line":70,"column":6},"end":{"line":70,"column":null}},"36":{"start":{"line":72,"column":6},"end":{"line":72,"column":null}}},"fnMap":{"0":{"name":"formatTime","decl":{"start":{"line":11,"column":9},"end":{"line":11,"column":20}},"loc":{"start":{"line":11,"column":45},"end":{"line":15,"column":null}},"line":11},"1":{"name":"buildGrid","decl":{"start":{"line":17,"column":9},"end":{"line":17,"column":19}},"loc":{"start":{"line":17,"column":44},"end":{"line":34,"column":null}},"line":17},"2":{"name":"buildShareText","decl":{"start":{"line":36,"column":16},"end":{"line":36,"column":31}},"loc":{"start":{"line":36,"column":81},"end":{"line":52,"column":null}},"line":36},"3":{"name":"copyShareText","decl":{"start":{"line":54,"column":22},"end":{"line":54,"column":36}},"loc":{"start":{"line":54,"column":96},"end":{"line":75,"column":null}},"line":54}},"branchMap":{"0":{"loc":{"start":{"line":23,"column":6},"end":{"line":29,"column":null}},"type":"if","locations":[{"start":{"line":23,"column":6},"end":{"line":29,"column":null}},{"start":{"line":25,"column":6},"end":{"line":29,"column":null}}],"line":23},"1":{"loc":{"start":{"line":25,"column":6},"end":{"line":29,"column":null}},"type":"if","locations":[{"start":{"line":25,"column":6},"end":{"line":29,"column":null}},{"start":{"line":27,"column":13},"end":{"line":29,"column":null}}],"line":25},"2":{"loc":{"start":{"line":38,"column":23},"end":{"line":38,"column":null}},"type":"cond-expr","locations":[{"start":{"line":38,"column":45},"end":{"line":38,"column":70}},{"start":{"line":38,"column":70},"end":{"line":38,"column":null}}],"line":38}},"s":{"0":9,"1":9,"2":9,"3":9,"4":9,"5":9,"6":81,"7":81,"8":81,"9":729,"10":729,"11":1,"12":728,"13":728,"14":0,"15":81,"16":9,"17":9,"18":9,"19":9,"20":9,"21":0,"22":0,"23":0,"24":0,"25":0,"26":0,"27":0,"28":0,"29":0,"30":0,"31":0,"32":0,"33":0,"34":0,"35":0,"36":0},"f":{"0":9,"1":9,"2":9,"3":0},"b":{"0":[1,728],"1":[728,0],"2":[1,8]},"meta":{"lastBranch":3,"lastFunction":4,"lastStatement":37,"seen":{"f:11:9:11:20":0,"s:12:12:12:Infinity":0,"s:13:8:13:Infinity":1,"s:14:2:14:Infinity":2,"f:17:9:17:19":1,"s:18:25:18:Infinity":3,"s:19:2:32:Infinity":4,"s:19:15:19:18":5,"s:20:14:20:Infinity":6,"s:21:4:30:Infinity":7,"s:21:17:21:20":8,"s:22:18:22:Infinity":9,"b:23:6:29:Infinity:25:6:29:Infinity":0,"s:23:6:29:Infinity":10,"s:24:8:24:Infinity":11,"b:25:6:29:Infinity:27:13:29:Infinity":1,"s:25:6:29:Infinity":12,"s:26:8:26:Infinity":13,"s:28:8:28:Infinity":14,"s:31:4:31:Infinity":15,"s:33:2:33:Infinity":16,"f:36:16:36:31":2,"s:37:15:37:Infinity":17,"s:38:23:38:Infinity":18,"b:38:45:38:70:38:70:38:Infinity":2,"s:39:15:39:Infinity":19,"s:41:2:51:Infinity":20,"f:54:22:54:36":3,"s:55:15:55:Infinity":21,"s:56:2:74:Infinity":22,"s:57:4:57:Infinity":23,"s:58:4:58:Infinity":24,"s:60:4:73:Infinity":25,"s:61:17:61:Infinity":26,"s:62:6:62:Infinity":27,"s:63:6:63:Infinity":28,"s:64:6:64:Infinity":29,"s:65:6:65:Infinity":30,"s:66:6:66:Infinity":31,"s:67:6:67:Infinity":32,"s:68:6:68:Infinity":33,"s:69:6:69:Infinity":34,"s:70:6:70:Infinity":35,"s:72:6:72:Infinity":36}}}
,"/Users/pedrooliveiragonzaga/Documents/Development/daily-sudoku/src/features/daily/lib/statsApi.ts": {"path":"/Users/pedrooliveiragonzaga/Documents/Development/daily-sudoku/src/features/daily/lib/statsApi.ts","statementMap":{"0":{"start":{"line":3,"column":21},"end":{"line":3,"column":null}},"1":{"start":{"line":4,"column":26},"end":{"line":4,"column":null}},"2":{"start":{"line":5,"column":14},"end":{"line":5,"column":null}},"3":{"start":{"line":8,"column":2},"end":{"line":8,"column":null}},"4":{"start":{"line":12,"column":2},"end":{"line":17,"column":null}},"5":{"start":{"line":22,"column":2},"end":{"line":22,"column":null}},"6":{"start":{"line":22,"column":23},"end":{"line":22,"column":null}},"7":{"start":{"line":23,"column":2},"end":{"line":33,"column":null}},"8":{"start":{"line":24,"column":16},"end":{"line":27,"column":null}},"9":{"start":{"line":28,"column":4},"end":{"line":28,"column":null}},"10":{"start":{"line":28,"column":17},"end":{"line":28,"column":null}},"11":{"start":{"line":29,"column":31},"end":{"line":29,"column":null}},"12":{"start":{"line":30,"column":4},"end":{"line":30,"column":null}},"13":{"start":{"line":32,"column":4},"end":{"line":32,"column":null}},"14":{"start":{"line":42,"column":2},"end":{"line":42,"column":null}},"15":{"start":{"line":42,"column":23},"end":{"line":42,"column":null}},"16":{"start":{"line":43,"column":14},"end":{"line":43,"column":null}},"17":{"start":{"line":44,"column":2},"end":{"line":44,"column":null}},"18":{"start":{"line":44,"column":33},"end":{"line":44,"column":null}},"19":{"start":{"line":45,"column":2},"end":{"line":63,"column":null}},"20":{"start":{"line":47,"column":4},"end":{"line":56,"column":null}},"21":{"start":{"line":60,"column":4},"end":{"line":60,"column":null}},"22":{"start":{"line":74,"column":2},"end":{"line":74,"column":null}},"23":{"start":{"line":74,"column":23},"end":{"line":74,"column":null}},"24":{"start":{"line":75,"column":14},"end":{"line":75,"column":null}},"25":{"start":{"line":76,"column":2},"end":{"line":76,"column":null}},"26":{"start":{"line":76,"column":33},"end":{"line":76,"column":null}},"27":{"start":{"line":77,"column":2},"end":{"line":91,"column":null}},"28":{"start":{"line":78,"column":4},"end":{"line":87,"column":null}},"29":{"start":{"line":88,"column":4},"end":{"line":88,"column":null}},"30":{"start":{"line":100,"column":23},"end":{"line":100,"column":null}},"31":{"start":{"line":102,"column":4},"end":{"line":104,"column":null}},"32":{"start":{"line":105,"column":24},"end":{"line":105,"column":null}},"33":{"start":{"line":107,"column":4},"end":{"line":109,"column":null}},"34":{"start":{"line":110,"column":12},"end":{"line":110,"column":null}},"35":{"start":{"line":111,"column":8},"end":{"line":111,"column":null}},"36":{"start":{"line":112,"column":22},"end":{"line":112,"column":null}},"37":{"start":{"line":113,"column":2},"end":{"line":113,"column":null}}},"fnMap":{"0":{"name":"isConfigured","decl":{"start":{"line":7,"column":9},"end":{"line":7,"column":33}},"loc":{"start":{"line":7,"column":33},"end":{"line":9,"column":null}},"line":7},"1":{"name":"headers","decl":{"start":{"line":11,"column":9},"end":{"line":11,"column":19}},"loc":{"start":{"line":11,"column":19},"end":{"line":18,"column":null}},"line":11},"2":{"name":"fetchDailyStats","decl":{"start":{"line":21,"column":22},"end":{"line":21,"column":38}},"loc":{"start":{"line":21,"column":88},"end":{"line":34,"column":null}},"line":21},"3":{"name":"recordPlayerStarted","decl":{"start":{"line":41,"column":22},"end":{"line":41,"column":42}},"loc":{"start":{"line":41,"column":79},"end":{"line":64,"column":null}},"line":41},"4":{"name":"recordPuzzleSolved","decl":{"start":{"line":70,"column":22},"end":{"line":70,"column":null}},"loc":{"start":{"line":73,"column":17},"end":{"line":92,"column":null}},"line":73},"5":{"name":"computeDisplayStats","decl":{"start":{"line":95,"column":16},"end":{"line":95,"column":36}},"loc":{"start":{"line":99,"column":2},"end":{"line":114,"column":null}},"line":99}},"branchMap":{"0":{"loc":{"start":{"line":8,"column":17},"end":{"line":8,"column":50}},"type":"binary-expr","locations":[{"start":{"line":8,"column":17},"end":{"line":8,"column":33}},{"start":{"line":8,"column":33},"end":{"line":8,"column":50}}],"line":8},"1":{"loc":{"start":{"line":22,"column":2},"end":{"line":22,"column":null}},"type":"if","locations":[{"start":{"line":22,"column":2},"end":{"line":22,"column":null}},{"start":{},"end":{}}],"line":22},"2":{"loc":{"start":{"line":28,"column":4},"end":{"line":28,"column":null}},"type":"if","locations":[{"start":{"line":28,"column":4},"end":{"line":28,"column":null}},{"start":{},"end":{}}],"line":28},"3":{"loc":{"start":{"line":30,"column":11},"end":{"line":30,"column":null}},"type":"binary-expr","locations":[{"start":{"line":30,"column":11},"end":{"line":30,"column":22}},{"start":{"line":30,"column":22},"end":{"line":30,"column":null}}],"line":30},"4":{"loc":{"start":{"line":42,"column":2},"end":{"line":42,"column":null}},"type":"if","locations":[{"start":{"line":42,"column":2},"end":{"line":42,"column":null}},{"start":{},"end":{}}],"line":42},"5":{"loc":{"start":{"line":44,"column":2},"end":{"line":44,"column":null}},"type":"if","locations":[{"start":{"line":44,"column":2},"end":{"line":44,"column":null}},{"start":{},"end":{}}],"line":44},"6":{"loc":{"start":{"line":74,"column":2},"end":{"line":74,"column":null}},"type":"if","locations":[{"start":{"line":74,"column":2},"end":{"line":74,"column":null}},{"start":{},"end":{}}],"line":74},"7":{"loc":{"start":{"line":76,"column":2},"end":{"line":76,"column":null}},"type":"if","locations":[{"start":{"line":76,"column":2},"end":{"line":76,"column":null}},{"start":{},"end":{}}],"line":76},"8":{"loc":{"start":{"line":102,"column":4},"end":{"line":104,"column":null}},"type":"cond-expr","locations":[{"start":{"line":103,"column":8},"end":{"line":103,"column":null}},{"start":{"line":104,"column":8},"end":{"line":104,"column":null}}],"line":102},"9":{"loc":{"start":{"line":107,"column":4},"end":{"line":109,"column":null}},"type":"cond-expr","locations":[{"start":{"line":108,"column":8},"end":{"line":108,"column":null}},{"start":{"line":109,"column":8},"end":{"line":109,"column":null}}],"line":107}},"s":{"0":1,"1":1,"2":1,"3":0,"4":0,"5":0,"6":0,"7":0,"8":0,"9":0,"10":0,"11":0,"12":0,"13":0,"14":0,"15":0,"16":0,"17":0,"18":0,"19":0,"20":0,"21":0,"22":0,"23":0,"24":0,"25":0,"26":0,"27":0,"28":0,"29":0,"30":6,"31":6,"32":6,"33":6,"34":6,"35":6,"36":6,"37":6},"f":{"0":0,"1":0,"2":0,"3":0,"4":0,"5":6},"b":{"0":[0,0],"1":[0,0],"2":[0,0],"3":[0,0],"4":[0,0],"5":[0,0],"6":[0,0],"7":[0,0],"8":[5,1],"9":[4,2]},"meta":{"lastBranch":10,"lastFunction":6,"lastStatement":38,"seen":{"s:3:21:3:Infinity":0,"s:4:26:4:Infinity":1,"s:5:14:5:Infinity":2,"f:7:9:7:33":0,"s:8:2:8:Infinity":3,"b:8:17:8:33:8:33:8:50":0,"f:11:9:11:19":1,"s:12:2:17:Infinity":4,"f:21:22:21:38":2,"b:22:2:22:Infinity:undefined:undefined:undefined:undefined":1,"s:22:2:22:Infinity":5,"s:22:23:22:Infinity":6,"s:23:2:33:Infinity":7,"s:24:16:27:Infinity":8,"b:28:4:28:Infinity:undefined:undefined:undefined:undefined":2,"s:28:4:28:Infinity":9,"s:28:17:28:Infinity":10,"s:29:31:29:Infinity":11,"s:30:4:30:Infinity":12,"b:30:11:30:22:30:22:30:Infinity":3,"s:32:4:32:Infinity":13,"f:41:22:41:42":3,"b:42:2:42:Infinity:undefined:undefined:undefined:undefined":4,"s:42:2:42:Infinity":14,"s:42:23:42:Infinity":15,"s:43:14:43:Infinity":16,"b:44:2:44:Infinity:undefined:undefined:undefined:undefined":5,"s:44:2:44:Infinity":17,"s:44:33:44:Infinity":18,"s:45:2:63:Infinity":19,"s:47:4:56:Infinity":20,"s:60:4:60:Infinity":21,"f:70:22:70:Infinity":4,"b:74:2:74:Infinity:undefined:undefined:undefined:undefined":6,"s:74:2:74:Infinity":22,"s:74:23:74:Infinity":23,"s:75:14:75:Infinity":24,"b:76:2:76:Infinity:undefined:undefined:undefined:undefined":7,"s:76:2:76:Infinity":25,"s:76:33:76:Infinity":26,"s:77:2:91:Infinity":27,"s:78:4:87:Infinity":28,"s:88:4:88:Infinity":29,"f:95:16:95:36":5,"s:100:23:100:Infinity":30,"s:102:4:104:Infinity":31,"b:103:8:103:Infinity:104:8:104:Infinity":8,"s:105:24:105:Infinity":32,"s:107:4:109:Infinity":33,"b:108:8:108:Infinity:109:8:109:Infinity":9,"s:110:12:110:Infinity":34,"s:111:8:111:Infinity":35,"s:112:22:112:Infinity":36,"s:113:2:113:Infinity":37}}}
,"/Users/pedrooliveiragonzaga/Documents/Development/daily-sudoku/src/features/daily/lib/streakTracker.ts": {"path":"/Users/pedrooliveiragonzaga/Documents/Development/daily-sudoku/src/features/daily/lib/streakTracker.ts","statementMap":{"0":{"start":{"line":3,"column":19},"end":{"line":3,"column":null}},"1":{"start":{"line":6,"column":23},"end":{"line":6,"column":null}},"2":{"start":{"line":7,"column":23},"end":{"line":7,"column":null}},"3":{"start":{"line":8,"column":16},"end":{"line":8,"column":null}},"4":{"start":{"line":9,"column":16},"end":{"line":9,"column":null}},"5":{"start":{"line":10,"column":2},"end":{"line":10,"column":null}},"6":{"start":{"line":14,"column":2},"end":{"line":17,"column":null}},"7":{"start":{"line":15,"column":16},"end":{"line":15,"column":null}},"8":{"start":{"line":16,"column":4},"end":{"line":16,"column":null}},"9":{"start":{"line":16,"column":13},"end":{"line":16,"column":null}},"10":{"start":{"line":18,"column":2},"end":{"line":18,"column":null}},"11":{"start":{"line":22,"column":2},"end":{"line":22,"column":null}},"12":{"start":{"line":22,"column":8},"end":{"line":22,"column":64}},"13":{"start":{"line":26,"column":15},"end":{"line":26,"column":null}},"14":{"start":{"line":28,"column":2},"end":{"line":28,"column":null}},"15":{"start":{"line":28,"column":43},"end":{"line":28,"column":null}},"16":{"start":{"line":32,"column":2},"end":{"line":41,"column":null}},"17":{"start":{"line":33,"column":4},"end":{"line":33,"column":null}},"18":{"start":{"line":35,"column":16},"end":{"line":35,"column":null}},"19":{"start":{"line":36,"column":4},"end":{"line":40,"column":null}},"20":{"start":{"line":37,"column":6},"end":{"line":37,"column":null}},"21":{"start":{"line":39,"column":6},"end":{"line":39,"column":null}},"22":{"start":{"line":43,"column":30},"end":{"line":47,"column":null}},"23":{"start":{"line":49,"column":2},"end":{"line":49,"column":null}},"24":{"start":{"line":50,"column":2},"end":{"line":50,"column":null}}},"fnMap":{"0":{"name":"daysBetween","decl":{"start":{"line":5,"column":9},"end":{"line":5,"column":21}},"loc":{"start":{"line":5,"column":51},"end":{"line":11,"column":null}},"line":5},"1":{"name":"loadStreak","decl":{"start":{"line":13,"column":16},"end":{"line":13,"column":41}},"loc":{"start":{"line":13,"column":41},"end":{"line":19,"column":null}},"line":13},"2":{"name":"saveStreak","decl":{"start":{"line":21,"column":9},"end":{"line":21,"column":20}},"loc":{"start":{"line":21,"column":44},"end":{"line":23,"column":null}},"line":21},"3":{"name":"recordCompletion","decl":{"start":{"line":25,"column":16},"end":{"line":25,"column":33}},"loc":{"start":{"line":25,"column":63},"end":{"line":51,"column":null}},"line":25}},"branchMap":{"0":{"loc":{"start":{"line":16,"column":4},"end":{"line":16,"column":null}},"type":"if","locations":[{"start":{"line":16,"column":4},"end":{"line":16,"column":null}},{"start":{},"end":{}}],"line":16},"1":{"loc":{"start":{"line":28,"column":2},"end":{"line":28,"column":null}},"type":"if","locations":[{"start":{"line":28,"column":2},"end":{"line":28,"column":null}},{"start":{},"end":{}}],"line":28},"2":{"loc":{"start":{"line":32,"column":2},"end":{"line":41,"column":null}},"type":"if","locations":[{"start":{"line":32,"column":2},"end":{"line":41,"column":null}},{"start":{"line":34,"column":9},"end":{"line":41,"column":null}}],"line":32},"3":{"loc":{"start":{"line":36,"column":4},"end":{"line":40,"column":null}},"type":"if","locations":[{"start":{"line":36,"column":4},"end":{"line":40,"column":null}},{"start":{"line":38,"column":11},"end":{"line":40,"column":null}}],"line":36}},"s":{"0":1,"1":6,"2":6,"3":6,"4":6,"5":6,"6":15,"7":15,"8":15,"9":8,"10":7,"11":12,"12":12,"13":13,"14":13,"15":1,"16":12,"17":6,"18":6,"19":6,"20":4,"21":2,"22":12,"23":12,"24":12},"f":{"0":6,"1":15,"2":12,"3":13},"b":{"0":[8,7],"1":[1,12],"2":[6,6],"3":[4,2]},"meta":{"lastBranch":4,"lastFunction":4,"lastStatement":25,"seen":{"s:3:19:3:Infinity":0,"f:5:9:5:21":0,"s:6:23:6:Infinity":1,"s:7:23:7:Infinity":2,"s:8:16:8:Infinity":3,"s:9:16:9:Infinity":4,"s:10:2:10:Infinity":5,"f:13:16:13:41":1,"s:14:2:17:Infinity":6,"s:15:16:15:Infinity":7,"b:16:4:16:Infinity:undefined:undefined:undefined:undefined":0,"s:16:4:16:Infinity":8,"s:16:13:16:Infinity":9,"s:18:2:18:Infinity":10,"f:21:9:21:20":2,"s:22:2:22:Infinity":11,"s:22:8:22:64":12,"f:25:16:25:33":3,"s:26:15:26:Infinity":13,"b:28:2:28:Infinity:undefined:undefined:undefined:undefined":1,"s:28:2:28:Infinity":14,"s:28:43:28:Infinity":15,"b:32:2:41:Infinity:34:9:41:Infinity":2,"s:32:2:41:Infinity":16,"s:33:4:33:Infinity":17,"s:35:16:35:Infinity":18,"b:36:4:40:Infinity:38:11:40:Infinity":3,"s:36:4:40:Infinity":19,"s:37:6:37:Infinity":20,"s:39:6:39:Infinity":21,"s:43:30:47:Infinity":22,"s:49:2:49:Infinity":23,"s:50:2:50:Infinity":24}}}
,"/Users/pedrooliveiragonzaga/Documents/Development/daily-sudoku/src/features/game/hooks/useGameState.ts": {"path":"/Users/pedrooliveiragonzaga/Documents/Development/daily-sudoku/src/features/game/hooks/useGameState.ts","statementMap":{"0":{"start":{"line":25,"column":2},"end":{"line":25,"column":null}},"1":{"start":{"line":25,"column":26},"end":{"line":25,"column":56}},"2":{"start":{"line":25,"column":42},"end":{"line":25,"column":55}},"3":{"start":{"line":29,"column":2},"end":{"line":150,"column":null}},"4":{"start":{"line":31,"column":6},"end":{"line":31,"column":null}},"5":{"start":{"line":34,"column":6},"end":{"line":34,"column":null}},"6":{"start":{"line":34,"column":48},"end":{"line":34,"column":null}},"7":{"start":{"line":35,"column":6},"end":{"line":35,"column":null}},"8":{"start":{"line":39,"column":6},"end":{"line":39,"column":null}},"9":{"start":{"line":42,"column":6},"end":{"line":42,"column":null}},"10":{"start":{"line":45,"column":6},"end":{"line":45,"column":null}},"11":{"start":{"line":45,"column":71},"end":{"line":45,"column":null}},"12":{"start":{"line":46,"column":21},"end":{"line":46,"column":null}},"13":{"start":{"line":47,"column":6},"end":{"line":47,"column":null}},"14":{"start":{"line":47,"column":29},"end":{"line":47,"column":null}},"15":{"start":{"line":48,"column":6},"end":{"line":48,"column":null}},"16":{"start":{"line":48,"column":81},"end":{"line":48,"column":null}},"17":{"start":{"line":50,"column":12},"end":{"line":50,"column":null}},"18":{"start":{"line":51,"column":23},"end":{"line":51,"column":null}},"19":{"start":{"line":52,"column":6},"end":{"line":52,"column":null}},"20":{"start":{"line":53,"column":6},"end":{"line":53,"column":null}},"21":{"start":{"line":55,"column":6},"end":{"line":55,"column":null}},"22":{"start":{"line":59,"column":6},"end":{"line":59,"column":null}},"23":{"start":{"line":59,"column":38},"end":{"line":59,"column":null}},"24":{"start":{"line":60,"column":19},"end":{"line":60,"column":null}},"25":{"start":{"line":61,"column":6},"end":{"line":66,"column":null}},"26":{"start":{"line":70,"column":6},"end":{"line":70,"column":null}},"27":{"start":{"line":70,"column":71},"end":{"line":70,"column":null}},"28":{"start":{"line":71,"column":21},"end":{"line":71,"column":null}},"29":{"start":{"line":72,"column":6},"end":{"line":72,"column":null}},"30":{"start":{"line":72,"column":29},"end":{"line":72,"column":null}},"31":{"start":{"line":73,"column":6},"end":{"line":73,"column":null}},"32":{"start":{"line":73,"column":81},"end":{"line":73,"column":null}},"33":{"start":{"line":75,"column":18},"end":{"line":75,"column":null}},"34":{"start":{"line":77,"column":37},"end":{"line":80,"column":null}},"35":{"start":{"line":82,"column":6},"end":{"line":90,"column":null}},"36":{"start":{"line":83,"column":25},"end":{"line":83,"column":null}},"37":{"start":{"line":84,"column":8},"end":{"line":88,"column":null}},"38":{"start":{"line":85,"column":10},"end":{"line":85,"column":null}},"39":{"start":{"line":87,"column":10},"end":{"line":87,"column":null}},"40":{"start":{"line":89,"column":8},"end":{"line":89,"column":null}},"41":{"start":{"line":92,"column":12},"end":{"line":92,"column":null}},"42":{"start":{"line":93,"column":23},"end":{"line":93,"column":null}},"43":{"start":{"line":95,"column":6},"end":{"line":95,"column":null}},"44":{"start":{"line":97,"column":24},"end":{"line":97,"column":null}},"45":{"start":{"line":98,"column":24},"end":{"line":98,"column":null}},"46":{"start":{"line":99,"column":49},"end":{"line":99,"column":null}},"47":{"start":{"line":100,"column":36},"end":{"line":100,"column":null}},"48":{"start":{"line":102,"column":6},"end":{"line":119,"column":null}},"49":{"start":{"line":103,"column":8},"end":{"line":103,"column":null}},"50":{"start":{"line":104,"column":8},"end":{"line":104,"column":null}},"51":{"start":{"line":105,"column":8},"end":{"line":105,"column":null}},"52":{"start":{"line":106,"column":8},"end":{"line":106,"column":null}},"53":{"start":{"line":108,"column":8},"end":{"line":111,"column":null}},"54":{"start":{"line":108,"column":21},"end":{"line":108,"column":24}},"55":{"start":{"line":109,"column":10},"end":{"line":109,"column":null}},"56":{"start":{"line":110,"column":10},"end":{"line":110,"column":null}},"57":{"start":{"line":112,"column":19},"end":{"line":112,"column":null}},"58":{"start":{"line":113,"column":19},"end":{"line":113,"column":null}},"59":{"start":{"line":114,"column":8},"end":{"line":118,"column":null}},"60":{"start":{"line":114,"column":22},"end":{"line":114,"column":26}},"61":{"start":{"line":115,"column":10},"end":{"line":117,"column":null}},"62":{"start":{"line":115,"column":24},"end":{"line":115,"column":28}},"63":{"start":{"line":116,"column":12},"end":{"line":116,"column":null}},"64":{"start":{"line":121,"column":25},"end":{"line":121,"column":null}},"65":{"start":{"line":122,"column":25},"end":{"line":122,"column":null}},"66":{"start":{"line":124,"column":12},"end":{"line":124,"column":null}},"67":{"start":{"line":125,"column":12},"end":{"line":125,"column":null}},"68":{"start":{"line":127,"column":6},"end":{"line":139,"column":null}},"69":{"start":{"line":143,"column":6},"end":{"line":143,"column":null}},"70":{"start":{"line":146,"column":6},"end":{"line":146,"column":null}},"71":{"start":{"line":149,"column":6},"end":{"line":149,"column":null}},"72":{"start":{"line":154,"column":24},"end":{"line":157,"column":null}},"73":{"start":{"line":159,"column":8},"end":{"line":161,"column":null}},"74":{"start":{"line":160,"column":4},"end":{"line":160,"column":null}},"75":{"start":{"line":163,"column":8},"end":{"line":165,"column":null}},"76":{"start":{"line":164,"column":4},"end":{"line":164,"column":null}},"77":{"start":{"line":167,"column":8},"end":{"line":169,"column":null}},"78":{"start":{"line":168,"column":4},"end":{"line":168,"column":null}},"79":{"start":{"line":171,"column":8},"end":{"line":173,"column":null}},"80":{"start":{"line":172,"column":4},"end":{"line":172,"column":null}},"81":{"start":{"line":175,"column":8},"end":{"line":177,"column":null}},"82":{"start":{"line":176,"column":4},"end":{"line":176,"column":null}},"83":{"start":{"line":179,"column":8},"end":{"line":181,"column":null}},"84":{"start":{"line":180,"column":4},"end":{"line":180,"column":null}},"85":{"start":{"line":183,"column":8},"end":{"line":185,"column":null}},"86":{"start":{"line":184,"column":4},"end":{"line":184,"column":null}},"87":{"start":{"line":188,"column":2},"end":{"line":193,"column":null}},"88":{"start":{"line":189,"column":4},"end":{"line":192,"column":null}},"89":{"start":{"line":190,"column":20},"end":{"line":190,"column":null}},"90":{"start":{"line":190,"column":37},"end":{"line":190,"column":74}},"91":{"start":{"line":191,"column":6},"end":{"line":191,"column":null}},"92":{"start":{"line":191,"column":19},"end":{"line":191,"column":null}},"93":{"start":{"line":196,"column":2},"end":{"line":201,"column":null}},"94":{"start":{"line":197,"column":4},"end":{"line":200,"column":null}},"95":{"start":{"line":198,"column":20},"end":{"line":198,"column":null}},"96":{"start":{"line":198,"column":37},"end":{"line":198,"column":77}},"97":{"start":{"line":199,"column":6},"end":{"line":199,"column":null}},"98":{"start":{"line":199,"column":19},"end":{"line":199,"column":null}},"99":{"start":{"line":203,"column":2},"end":{"line":203,"column":null}}},"fnMap":{"0":{"name":"cloneNotes","decl":{"start":{"line":24,"column":9},"end":{"line":24,"column":20}},"loc":{"start":{"line":24,"column":67},"end":{"line":26,"column":null}},"line":24},"1":{"name":"(anonymous_1)","decl":{"start":{"line":25,"column":19},"end":{"line":25,"column":26}},"loc":{"start":{"line":25,"column":26},"end":{"line":25,"column":56}},"line":25},"2":{"name":"(anonymous_2)","decl":{"start":{"line":25,"column":34},"end":{"line":25,"column":42}},"loc":{"start":{"line":25,"column":42},"end":{"line":25,"column":55}},"line":25},"3":{"name":"reducer","decl":{"start":{"line":28,"column":9},"end":{"line":28,"column":17}},"loc":{"start":{"line":28,"column":68},"end":{"line":151,"column":null}},"line":28},"4":{"name":"useGameState","decl":{"start":{"line":153,"column":16},"end":{"line":153,"column":29}},"loc":{"start":{"line":153,"column":54},"end":{"line":204,"column":null}},"line":153},"5":{"name":"(anonymous_5)","decl":{"start":{"line":159,"column":33},"end":{"line":159,"column":34}},"loc":{"start":{"line":159,"column":63},"end":{"line":161,"column":5}},"line":159},"6":{"name":"(anonymous_6)","decl":{"start":{"line":163,"column":34},"end":{"line":163,"column":35}},"loc":{"start":{"line":163,"column":54},"end":{"line":165,"column":5}},"line":163},"7":{"name":"(anonymous_7)","decl":{"start":{"line":167,"column":28},"end":{"line":167,"column":34}},"loc":{"start":{"line":167,"column":34},"end":{"line":169,"column":5}},"line":167},"8":{"name":"(anonymous_8)","decl":{"start":{"line":171,"column":35},"end":{"line":171,"column":41}},"loc":{"start":{"line":171,"column":41},"end":{"line":173,"column":5}},"line":171},"9":{"name":"(anonymous_9)","decl":{"start":{"line":175,"column":27},"end":{"line":175,"column":33}},"loc":{"start":{"line":175,"column":33},"end":{"line":177,"column":5}},"line":175},"10":{"name":"(anonymous_10)","decl":{"start":{"line":179,"column":27},"end":{"line":179,"column":28}},"loc":{"start":{"line":179,"column":48},"end":{"line":181,"column":5}},"line":179},"11":{"name":"(anonymous_11)","decl":{"start":{"line":183,"column":28},"end":{"line":183,"column":29}},"loc":{"start":{"line":183,"column":53},"end":{"line":185,"column":5}},"line":183},"12":{"name":"(anonymous_12)","decl":{"start":{"line":188,"column":12},"end":{"line":188,"column":18}},"loc":{"start":{"line":188,"column":18},"end":{"line":193,"column":5}},"line":188},"13":{"name":"(anonymous_13)","decl":{"start":{"line":190,"column":31},"end":{"line":190,"column":37}},"loc":{"start":{"line":190,"column":37},"end":{"line":190,"column":74}},"line":190},"14":{"name":"(anonymous_14)","decl":{"start":{"line":191,"column":13},"end":{"line":191,"column":19}},"loc":{"start":{"line":191,"column":19},"end":{"line":191,"column":null}},"line":191},"15":{"name":"(anonymous_15)","decl":{"start":{"line":196,"column":12},"end":{"line":196,"column":18}},"loc":{"start":{"line":196,"column":18},"end":{"line":201,"column":5}},"line":196},"16":{"name":"(anonymous_16)","decl":{"start":{"line":198,"column":31},"end":{"line":198,"column":37}},"loc":{"start":{"line":198,"column":37},"end":{"line":198,"column":77}},"line":198},"17":{"name":"(anonymous_17)","decl":{"start":{"line":199,"column":13},"end":{"line":199,"column":19}},"loc":{"start":{"line":199,"column":19},"end":{"line":199,"column":null}},"line":199}},"branchMap":{"0":{"loc":{"start":{"line":29,"column":2},"end":{"line":150,"column":null}},"type":"switch","locations":[{"start":{"line":30,"column":4},"end":{"line":31,"column":null}},{"start":{"line":33,"column":4},"end":{"line":36,"column":null}},{"start":{"line":38,"column":4},"end":{"line":39,"column":null}},{"start":{"line":41,"column":4},"end":{"line":42,"column":null}},{"start":{"line":44,"column":4},"end":{"line":56,"column":null}},{"start":{"line":58,"column":4},"end":{"line":67,"column":null}},{"start":{"line":69,"column":4},"end":{"line":140,"column":null}},{"start":{"line":142,"column":4},"end":{"line":143,"column":null}},{"start":{"line":145,"column":4},"end":{"line":146,"column":null}},{"start":{"line":148,"column":4},"end":{"line":149,"column":null}}],"line":29},"1":{"loc":{"start":{"line":34,"column":6},"end":{"line":34,"column":null}},"type":"if","locations":[{"start":{"line":34,"column":6},"end":{"line":34,"column":null}},{"start":{},"end":{}}],"line":34},"2":{"loc":{"start":{"line":34,"column":10},"end":{"line":34,"column":48}},"type":"binary-expr","locations":[{"start":{"line":34,"column":10},"end":{"line":34,"column":30}},{"start":{"line":34,"column":30},"end":{"line":34,"column":48}}],"line":34},"3":{"loc":{"start":{"line":45,"column":6},"end":{"line":45,"column":null}},"type":"if","locations":[{"start":{"line":45,"column":6},"end":{"line":45,"column":null}},{"start":{},"end":{}}],"line":45},"4":{"loc":{"start":{"line":45,"column":10},"end":{"line":45,"column":71}},"type":"binary-expr","locations":[{"start":{"line":45,"column":10},"end":{"line":45,"column":33}},{"start":{"line":45,"column":33},"end":{"line":45,"column":53}},{"start":{"line":45,"column":53},"end":{"line":45,"column":71}}],"line":45},"5":{"loc":{"start":{"line":47,"column":6},"end":{"line":47,"column":null}},"type":"if","locations":[{"start":{"line":47,"column":6},"end":{"line":47,"column":null}},{"start":{},"end":{}}],"line":47},"6":{"loc":{"start":{"line":48,"column":6},"end":{"line":48,"column":null}},"type":"if","locations":[{"start":{"line":48,"column":6},"end":{"line":48,"column":null}},{"start":{},"end":{}}],"line":48},"7":{"loc":{"start":{"line":48,"column":10},"end":{"line":48,"column":81}},"type":"binary-expr","locations":[{"start":{"line":48,"column":10},"end":{"line":48,"column":37}},{"start":{"line":48,"column":37},"end":{"line":48,"column":81}}],"line":48},"8":{"loc":{"start":{"line":59,"column":6},"end":{"line":59,"column":null}},"type":"if","locations":[{"start":{"line":59,"column":6},"end":{"line":59,"column":null}},{"start":{},"end":{}}],"line":59},"9":{"loc":{"start":{"line":70,"column":6},"end":{"line":70,"column":null}},"type":"if","locations":[{"start":{"line":70,"column":6},"end":{"line":70,"column":null}},{"start":{},"end":{}}],"line":70},"10":{"loc":{"start":{"line":70,"column":10},"end":{"line":70,"column":71}},"type":"binary-expr","locations":[{"start":{"line":70,"column":10},"end":{"line":70,"column":33}},{"start":{"line":70,"column":33},"end":{"line":70,"column":53}},{"start":{"line":70,"column":53},"end":{"line":70,"column":71}}],"line":70},"11":{"loc":{"start":{"line":72,"column":6},"end":{"line":72,"column":null}},"type":"if","locations":[{"start":{"line":72,"column":6},"end":{"line":72,"column":null}},{"start":{},"end":{}}],"line":72},"12":{"loc":{"start":{"line":73,"column":6},"end":{"line":73,"column":null}},"type":"if","locations":[{"start":{"line":73,"column":6},"end":{"line":73,"column":null}},{"start":{},"end":{}}],"line":73},"13":{"loc":{"start":{"line":73,"column":10},"end":{"line":73,"column":81}},"type":"binary-expr","locations":[{"start":{"line":73,"column":10},"end":{"line":73,"column":37}},{"start":{"line":73,"column":37},"end":{"line":73,"column":81}}],"line":73},"14":{"loc":{"start":{"line":82,"column":6},"end":{"line":90,"column":null}},"type":"if","locations":[{"start":{"line":82,"column":6},"end":{"line":90,"column":null}},{"start":{},"end":{}}],"line":82},"15":{"loc":{"start":{"line":84,"column":8},"end":{"line":88,"column":null}},"type":"if","locations":[{"start":{"line":84,"column":8},"end":{"line":88,"column":null}},{"start":{"line":86,"column":15},"end":{"line":88,"column":null}}],"line":84},"16":{"loc":{"start":{"line":102,"column":6},"end":{"line":119,"column":null}},"type":"if","locations":[{"start":{"line":102,"column":6},"end":{"line":119,"column":null}},{"start":{"line":107,"column":13},"end":{"line":119,"column":null}}],"line":102},"17":{"loc":{"start":{"line":121,"column":25},"end":{"line":121,"column":null}},"type":"binary-expr","locations":[{"start":{"line":121,"column":25},"end":{"line":121,"column":58}},{"start":{"line":121,"column":58},"end":{"line":121,"column":null}}],"line":121},"18":{"loc":{"start":{"line":122,"column":25},"end":{"line":122,"column":null}},"type":"binary-expr","locations":[{"start":{"line":122,"column":25},"end":{"line":122,"column":40}},{"start":{"line":122,"column":26},"end":{"line":122,"column":null}}],"line":122},"19":{"loc":{"start":{"line":189,"column":4},"end":{"line":192,"column":null}},"type":"if","locations":[{"start":{"line":189,"column":4},"end":{"line":192,"column":null}},{"start":{},"end":{}}],"line":189},"20":{"loc":{"start":{"line":197,"column":4},"end":{"line":200,"column":null}},"type":"if","locations":[{"start":{"line":197,"column":4},"end":{"line":200,"column":null}},{"start":{},"end":{}}],"line":197}},"s":{"0":34,"1":306,"2":2754,"3":49,"4":1,"5":18,"6":2,"7":16,"8":4,"9":1,"10":3,"11":1,"12":2,"13":2,"14":2,"15":1,"16":1,"17":0,"18":0,"19":0,"20":0,"21":0,"22":2,"23":1,"24":1,"25":1,"26":20,"27":1,"28":19,"29":19,"30":1,"31":18,"32":1,"33":17,"34":17,"35":17,"36":4,"37":4,"38":1,"39":3,"40":4,"41":13,"42":13,"43":13,"44":13,"45":13,"46":13,"47":13,"48":13,"49":7,"50":7,"51":7,"52":7,"53":6,"54":6,"55":54,"56":54,"57":6,"58":6,"59":6,"60":6,"61":18,"62":18,"63":54,"64":13,"65":20,"66":20,"67":20,"68":20,"69":0,"70":0,"71":0,"72":70,"73":70,"74":18,"75":70,"76":20,"77":70,"78":3,"79":70,"80":4,"81":70,"82":2,"83":70,"84":1,"85":70,"86":1,"87":70,"88":28,"89":7,"90":0,"91":7,"92":7,"93":70,"94":35,"95":1,"96":0,"97":1,"98":1,"99":70},"f":{"0":34,"1":306,"2":2754,"3":49,"4":70,"5":18,"6":20,"7":3,"8":4,"9":2,"10":1,"11":1,"12":28,"13":0,"14":7,"15":35,"16":0,"17":1},"b":{"0":[1,18,4,1,3,2,20,0,0,0],"1":[2,16],"2":[18,17],"3":[1,2],"4":[3,2,2],"5":[1,1],"6":[1,0],"7":[1,1],"8":[1,1],"9":[1,19],"10":[20,19,19],"11":[1,18],"12":[1,17],"13":[18,1],"14":[4,13],"15":[1,3],"16":[7,6],"17":[13,10],"18":[20,12],"19":[7,21],"20":[1,34]},"meta":{"lastBranch":21,"lastFunction":18,"lastStatement":100,"seen":{"f:24:9:24:20":0,"s:25:2:25:Infinity":0,"f:25:19:25:26":1,"s:25:26:25:56":1,"f:25:34:25:42":2,"s:25:42:25:55":2,"f:28:9:28:17":3,"b:30:4:31:Infinity:33:4:36:Infinity:38:4:39:Infinity:41:4:42:Infinity:44:4:56:Infinity:58:4:67:Infinity:69:4:140:Infinity:142:4:143:Infinity:145:4:146:Infinity:148:4:149:Infinity":0,"s:29:2:150:Infinity":3,"s:31:6:31:Infinity":4,"b:34:6:34:Infinity:undefined:undefined:undefined:undefined":1,"s:34:6:34:Infinity":5,"b:34:10:34:30:34:30:34:48":2,"s:34:48:34:Infinity":6,"s:35:6:35:Infinity":7,"s:39:6:39:Infinity":8,"s:42:6:42:Infinity":9,"b:45:6:45:Infinity:undefined:undefined:undefined:undefined":3,"s:45:6:45:Infinity":10,"b:45:10:45:33:45:33:45:53:45:53:45:71":4,"s:45:71:45:Infinity":11,"s:46:21:46:Infinity":12,"b:47:6:47:Infinity:undefined:undefined:undefined:undefined":5,"s:47:6:47:Infinity":13,"s:47:29:47:Infinity":14,"b:48:6:48:Infinity:undefined:undefined:undefined:undefined":6,"s:48:6:48:Infinity":15,"b:48:10:48:37:48:37:48:81":7,"s:48:81:48:Infinity":16,"s:50:12:50:Infinity":17,"s:51:23:51:Infinity":18,"s:52:6:52:Infinity":19,"s:53:6:53:Infinity":20,"s:55:6:55:Infinity":21,"b:59:6:59:Infinity:undefined:undefined:undefined:undefined":8,"s:59:6:59:Infinity":22,"s:59:38:59:Infinity":23,"s:60:19:60:Infinity":24,"s:61:6:66:Infinity":25,"b:70:6:70:Infinity:undefined:undefined:undefined:undefined":9,"s:70:6:70:Infinity":26,"b:70:10:70:33:70:33:70:53:70:53:70:71":10,"s:70:71:70:Infinity":27,"s:71:21:71:Infinity":28,"b:72:6:72:Infinity:undefined:undefined:undefined:undefined":11,"s:72:6:72:Infinity":29,"s:72:29:72:Infinity":30,"b:73:6:73:Infinity:undefined:undefined:undefined:undefined":12,"s:73:6:73:Infinity":31,"b:73:10:73:37:73:37:73:81":13,"s:73:81:73:Infinity":32,"s:75:18:75:Infinity":33,"s:77:37:80:Infinity":34,"b:82:6:90:Infinity:undefined:undefined:undefined:undefined":14,"s:82:6:90:Infinity":35,"s:83:25:83:Infinity":36,"b:84:8:88:Infinity:86:15:88:Infinity":15,"s:84:8:88:Infinity":37,"s:85:10:85:Infinity":38,"s:87:10:87:Infinity":39,"s:89:8:89:Infinity":40,"s:92:12:92:Infinity":41,"s:93:23:93:Infinity":42,"s:95:6:95:Infinity":43,"s:97:24:97:Infinity":44,"s:98:24:98:Infinity":45,"s:99:49:99:Infinity":46,"s:100:36:100:Infinity":47,"b:102:6:119:Infinity:107:13:119:Infinity":16,"s:102:6:119:Infinity":48,"s:103:8:103:Infinity":49,"s:104:8:104:Infinity":50,"s:105:8:105:Infinity":51,"s:106:8:106:Infinity":52,"s:108:8:111:Infinity":53,"s:108:21:108:24":54,"s:109:10:109:Infinity":55,"s:110:10:110:Infinity":56,"s:112:19:112:Infinity":57,"s:113:19:113:Infinity":58,"s:114:8:118:Infinity":59,"s:114:22:114:26":60,"s:115:10:117:Infinity":61,"s:115:24:115:28":62,"s:116:12:116:Infinity":63,"s:121:25:121:Infinity":64,"b:121:25:121:58:121:58:121:Infinity":17,"s:122:25:122:Infinity":65,"b:122:25:122:40:122:26:122:Infinity":18,"s:124:12:124:Infinity":66,"s:125:12:125:Infinity":67,"s:127:6:139:Infinity":68,"s:143:6:143:Infinity":69,"s:146:6:146:Infinity":70,"s:149:6:149:Infinity":71,"f:153:16:153:29":4,"s:154:24:157:Infinity":72,"s:159:8:161:Infinity":73,"f:159:33:159:34":5,"s:160:4:160:Infinity":74,"s:163:8:165:Infinity":75,"f:163:34:163:35":6,"s:164:4:164:Infinity":76,"s:167:8:169:Infinity":77,"f:167:28:167:34":7,"s:168:4:168:Infinity":78,"s:171:8:173:Infinity":79,"f:171:35:171:41":8,"s:172:4:172:Infinity":80,"s:175:8:177:Infinity":81,"f:175:27:175:33":9,"s:176:4:176:Infinity":82,"s:179:8:181:Infinity":83,"f:179:27:179:28":10,"s:180:4:180:Infinity":84,"s:183:8:185:Infinity":85,"f:183:28:183:29":11,"s:184:4:184:Infinity":86,"s:188:2:193:Infinity":87,"f:188:12:188:18":12,"b:189:4:192:Infinity:undefined:undefined:undefined:undefined":19,"s:189:4:192:Infinity":88,"s:190:20:190:Infinity":89,"f:190:31:190:37":13,"s:190:37:190:74":90,"s:191:6:191:Infinity":91,"f:191:13:191:19":14,"s:191:19:191:Infinity":92,"s:196:2:201:Infinity":93,"f:196:12:196:18":15,"b:197:4:200:Infinity:undefined:undefined:undefined:undefined":20,"s:197:4:200:Infinity":94,"s:198:20:198:Infinity":95,"f:198:31:198:37":16,"s:198:37:198:77":96,"s:199:6:199:Infinity":97,"f:199:13:199:19":17,"s:199:19:199:Infinity":98,"s:203:2:203:Infinity":99}}}
,"/Users/pedrooliveiragonzaga/Documents/Development/daily-sudoku/src/features/game/lib/completionDetector.ts": {"path":"/Users/pedrooliveiragonzaga/Documents/Development/daily-sudoku/src/features/game/lib/completionDetector.ts","statementMap":{"0":{"start":{"line":6,"column":20},"end":{"line":6,"column":null}},"1":{"start":{"line":7,"column":2},"end":{"line":11,"column":null}},"2":{"start":{"line":7,"column":15},"end":{"line":7,"column":18}},"3":{"start":{"line":8,"column":4},"end":{"line":10,"column":null}},"4":{"start":{"line":8,"column":30},"end":{"line":8,"column":39}},"5":{"start":{"line":9,"column":6},"end":{"line":9,"column":null}},"6":{"start":{"line":12,"column":2},"end":{"line":12,"column":null}},"7":{"start":{"line":16,"column":20},"end":{"line":16,"column":null}},"8":{"start":{"line":17,"column":2},"end":{"line":21,"column":null}},"9":{"start":{"line":17,"column":15},"end":{"line":17,"column":18}},"10":{"start":{"line":18,"column":4},"end":{"line":20,"column":null}},"11":{"start":{"line":18,"column":27},"end":{"line":18,"column":39}},"12":{"start":{"line":19,"column":6},"end":{"line":19,"column":null}},"13":{"start":{"line":22,"column":2},"end":{"line":22,"column":null}},"14":{"start":{"line":26,"column":20},"end":{"line":26,"column":null}},"15":{"start":{"line":27,"column":2},"end":{"line":44,"column":null}},"16":{"start":{"line":27,"column":20},"end":{"line":27,"column":23}},"17":{"start":{"line":28,"column":4},"end":{"line":43,"column":null}},"18":{"start":{"line":28,"column":22},"end":{"line":28,"column":25}},"19":{"start":{"line":29,"column":23},"end":{"line":29,"column":null}},"20":{"start":{"line":30,"column":19},"end":{"line":30,"column":null}},"21":{"start":{"line":31,"column":6},"end":{"line":39,"column":null}},"22":{"start":{"line":31,"column":19},"end":{"line":31,"column":31}},"23":{"start":{"line":32,"column":8},"end":{"line":37,"column":null}},"24":{"start":{"line":32,"column":21},"end":{"line":32,"column":33}},"25":{"start":{"line":33,"column":10},"end":{"line":36,"column":null}},"26":{"start":{"line":34,"column":12},"end":{"line":34,"column":null}},"27":{"start":{"line":35,"column":12},"end":{"line":35,"column":null}},"28":{"start":{"line":38,"column":8},"end":{"line":38,"column":null}},"29":{"start":{"line":38,"column":21},"end":{"line":38,"column":null}},"30":{"start":{"line":40,"column":6},"end":{"line":42,"column":null}},"31":{"start":{"line":41,"column":8},"end":{"line":41,"column":null}},"32":{"start":{"line":45,"column":2},"end":{"line":45,"column":null}},"33":{"start":{"line":49,"column":20},"end":{"line":49,"column":null}},"34":{"start":{"line":50,"column":2},"end":{"line":60,"column":null}},"35":{"start":{"line":50,"column":17},"end":{"line":50,"column":20}},"36":{"start":{"line":51,"column":16},"end":{"line":51,"column":null}},"37":{"start":{"line":52,"column":4},"end":{"line":56,"column":null}},"38":{"start":{"line":53,"column":6},"end":{"line":55,"column":null}},"39":{"start":{"line":54,"column":8},"end":{"line":54,"column":null}},"40":{"start":{"line":54,"column":26},"end":{"line":54,"column":null}},"41":{"start":{"line":57,"column":4},"end":{"line":59,"column":null}},"42":{"start":{"line":58,"column":6},"end":{"line":58,"column":null}},"43":{"start":{"line":61,"column":2},"end":{"line":61,"column":null}},"44":{"start":{"line":65,"column":24},"end":{"line":65,"column":null}},"45":{"start":{"line":66,"column":24},"end":{"line":66,"column":null}},"46":{"start":{"line":67,"column":25},"end":{"line":67,"column":null}},"47":{"start":{"line":68,"column":27},"end":{"line":68,"column":null}},"48":{"start":{"line":69,"column":25},"end":{"line":69,"column":null}},"49":{"start":{"line":71,"column":2},"end":{"line":77,"column":null}},"50":{"start":{"line":85,"column":20},"end":{"line":85,"column":null}},"51":{"start":{"line":87,"column":2},"end":{"line":95,"column":null}},"52":{"start":{"line":88,"column":4},"end":{"line":94,"column":null}},"53":{"start":{"line":89,"column":6},"end":{"line":93,"column":null}},"54":{"start":{"line":90,"column":8},"end":{"line":92,"column":null}},"55":{"start":{"line":90,"column":21},"end":{"line":90,"column":24}},"56":{"start":{"line":91,"column":10},"end":{"line":91,"column":null}},"57":{"start":{"line":97,"column":2},"end":{"line":105,"column":null}},"58":{"start":{"line":98,"column":4},"end":{"line":104,"column":null}},"59":{"start":{"line":99,"column":6},"end":{"line":103,"column":null}},"60":{"start":{"line":100,"column":8},"end":{"line":102,"column":null}},"61":{"start":{"line":100,"column":21},"end":{"line":100,"column":24}},"62":{"start":{"line":101,"column":10},"end":{"line":101,"column":null}},"63":{"start":{"line":107,"column":2},"end":{"line":119,"column":null}},"64":{"start":{"line":108,"column":4},"end":{"line":118,"column":null}},"65":{"start":{"line":109,"column":6},"end":{"line":117,"column":null}},"66":{"start":{"line":110,"column":23},"end":{"line":110,"column":null}},"67":{"start":{"line":111,"column":23},"end":{"line":111,"column":null}},"68":{"start":{"line":112,"column":8},"end":{"line":116,"column":null}},"69":{"start":{"line":112,"column":21},"end":{"line":112,"column":33}},"70":{"start":{"line":113,"column":10},"end":{"line":115,"column":null}},"71":{"start":{"line":113,"column":23},"end":{"line":113,"column":35}},"72":{"start":{"line":114,"column":12},"end":{"line":114,"column":null}},"73":{"start":{"line":122,"column":2},"end":{"line":134,"column":null}},"74":{"start":{"line":123,"column":4},"end":{"line":133,"column":null}},"75":{"start":{"line":124,"column":6},"end":{"line":132,"column":null}},"76":{"start":{"line":125,"column":8},"end":{"line":131,"column":null}},"77":{"start":{"line":125,"column":21},"end":{"line":125,"column":24}},"78":{"start":{"line":126,"column":10},"end":{"line":130,"column":null}},"79":{"start":{"line":126,"column":23},"end":{"line":126,"column":26}},"80":{"start":{"line":127,"column":12},"end":{"line":129,"column":null}},"81":{"start":{"line":128,"column":14},"end":{"line":128,"column":null}},"82":{"start":{"line":137,"column":2},"end":{"line":143,"column":null}},"83":{"start":{"line":138,"column":4},"end":{"line":142,"column":null}},"84":{"start":{"line":138,"column":17},"end":{"line":138,"column":20}},"85":{"start":{"line":139,"column":6},"end":{"line":141,"column":null}},"86":{"start":{"line":139,"column":19},"end":{"line":139,"column":22}},"87":{"start":{"line":140,"column":8},"end":{"line":140,"column":null}},"88":{"start":{"line":145,"column":2},"end":{"line":145,"column":null}}},"fnMap":{"0":{"name":"getCompletedRows","decl":{"start":{"line":5,"column":9},"end":{"line":5,"column":26}},"loc":{"start":{"line":5,"column":53},"end":{"line":13,"column":null}},"line":5},"1":{"name":"(anonymous_1)","decl":{"start":{"line":8,"column":23},"end":{"line":8,"column":30}},"loc":{"start":{"line":8,"column":30},"end":{"line":8,"column":39}},"line":8},"2":{"name":"getCompletedCols","decl":{"start":{"line":15,"column":9},"end":{"line":15,"column":26}},"loc":{"start":{"line":15,"column":53},"end":{"line":23,"column":null}},"line":15},"3":{"name":"(anonymous_3)","decl":{"start":{"line":18,"column":20},"end":{"line":18,"column":27}},"loc":{"start":{"line":18,"column":27},"end":{"line":18,"column":39}},"line":18},"4":{"name":"getCompletedBoxes","decl":{"start":{"line":25,"column":9},"end":{"line":25,"column":27}},"loc":{"start":{"line":25,"column":54},"end":{"line":46,"column":null}},"line":25},"5":{"name":"getCompletedNumbers","decl":{"start":{"line":48,"column":9},"end":{"line":48,"column":29}},"loc":{"start":{"line":48,"column":56},"end":{"line":62,"column":null}},"line":48},"6":{"name":"detectCompletions","decl":{"start":{"line":64,"column":16},"end":{"line":64,"column":34}},"loc":{"start":{"line":64,"column":65},"end":{"line":78,"column":null}},"line":64},"7":{"name":"getCellsToAnimate","decl":{"start":{"line":80,"column":16},"end":{"line":80,"column":null}},"loc":{"start":{"line":84,"column":15},"end":{"line":146,"column":null}},"line":84},"8":{"name":"(anonymous_8)","decl":{"start":{"line":88,"column":34},"end":{"line":88,"column":41}},"loc":{"start":{"line":88,"column":41},"end":{"line":94,"column":5}},"line":88},"9":{"name":"(anonymous_9)","decl":{"start":{"line":98,"column":34},"end":{"line":98,"column":41}},"loc":{"start":{"line":98,"column":41},"end":{"line":104,"column":5}},"line":98},"10":{"name":"(anonymous_10)","decl":{"start":{"line":108,"column":35},"end":{"line":108,"column":47}},"loc":{"start":{"line":108,"column":47},"end":{"line":118,"column":5}},"line":108},"11":{"name":"(anonymous_11)","decl":{"start":{"line":123,"column":37},"end":{"line":123,"column":44}},"loc":{"start":{"line":123,"column":44},"end":{"line":133,"column":5}},"line":123}},"branchMap":{"0":{"loc":{"start":{"line":8,"column":4},"end":{"line":10,"column":null}},"type":"if","locations":[{"start":{"line":8,"column":4},"end":{"line":10,"column":null}},{"start":{},"end":{}}],"line":8},"1":{"loc":{"start":{"line":18,"column":4},"end":{"line":20,"column":null}},"type":"if","locations":[{"start":{"line":18,"column":4},"end":{"line":20,"column":null}},{"start":{},"end":{}}],"line":18},"2":{"loc":{"start":{"line":33,"column":10},"end":{"line":36,"column":null}},"type":"if","locations":[{"start":{"line":33,"column":10},"end":{"line":36,"column":null}},{"start":{},"end":{}}],"line":33},"3":{"loc":{"start":{"line":38,"column":8},"end":{"line":38,"column":null}},"type":"if","locations":[{"start":{"line":38,"column":8},"end":{"line":38,"column":null}},{"start":{},"end":{}}],"line":38},"4":{"loc":{"start":{"line":40,"column":6},"end":{"line":42,"column":null}},"type":"if","locations":[{"start":{"line":40,"column":6},"end":{"line":42,"column":null}},{"start":{},"end":{}}],"line":40},"5":{"loc":{"start":{"line":54,"column":8},"end":{"line":54,"column":null}},"type":"if","locations":[{"start":{"line":54,"column":8},"end":{"line":54,"column":null}},{"start":{},"end":{}}],"line":54},"6":{"loc":{"start":{"line":57,"column":4},"end":{"line":59,"column":null}},"type":"if","locations":[{"start":{"line":57,"column":4},"end":{"line":59,"column":null}},{"start":{},"end":{}}],"line":57},"7":{"loc":{"start":{"line":87,"column":2},"end":{"line":95,"column":null}},"type":"if","locations":[{"start":{"line":87,"column":2},"end":{"line":95,"column":null}},{"start":{},"end":{}}],"line":87},"8":{"loc":{"start":{"line":89,"column":6},"end":{"line":93,"column":null}},"type":"if","locations":[{"start":{"line":89,"column":6},"end":{"line":93,"column":null}},{"start":{},"end":{}}],"line":89},"9":{"loc":{"start":{"line":97,"column":2},"end":{"line":105,"column":null}},"type":"if","locations":[{"start":{"line":97,"column":2},"end":{"line":105,"column":null}},{"start":{},"end":{}}],"line":97},"10":{"loc":{"start":{"line":99,"column":6},"end":{"line":103,"column":null}},"type":"if","locations":[{"start":{"line":99,"column":6},"end":{"line":103,"column":null}},{"start":{},"end":{}}],"line":99},"11":{"loc":{"start":{"line":107,"column":2},"end":{"line":119,"column":null}},"type":"if","locations":[{"start":{"line":107,"column":2},"end":{"line":119,"column":null}},{"start":{},"end":{}}],"line":107},"12":{"loc":{"start":{"line":109,"column":6},"end":{"line":117,"column":null}},"type":"if","locations":[{"start":{"line":109,"column":6},"end":{"line":117,"column":null}},{"start":{},"end":{}}],"line":109},"13":{"loc":{"start":{"line":122,"column":2},"end":{"line":134,"column":null}},"type":"if","locations":[{"start":{"line":122,"column":2},"end":{"line":134,"column":null}},{"start":{},"end":{}}],"line":122},"14":{"loc":{"start":{"line":122,"column":6},"end":{"line":122,"column":41}},"type":"binary-expr","locations":[{"start":{"line":122,"column":6},"end":{"line":122,"column":34}},{"start":{"line":122,"column":34},"end":{"line":122,"column":41}}],"line":122},"15":{"loc":{"start":{"line":124,"column":6},"end":{"line":132,"column":null}},"type":"if","locations":[{"start":{"line":124,"column":6},"end":{"line":132,"column":null}},{"start":{},"end":{}}],"line":124},"16":{"loc":{"start":{"line":127,"column":12},"end":{"line":129,"column":null}},"type":"if","locations":[{"start":{"line":127,"column":12},"end":{"line":129,"column":null}},{"start":{},"end":{}}],"line":127},"17":{"loc":{"start":{"line":137,"column":2},"end":{"line":143,"column":null}},"type":"if","locations":[{"start":{"line":137,"column":2},"end":{"line":143,"column":null}},{"start":{},"end":{}}],"line":137},"18":{"loc":{"start":{"line":137,"column":6},"end":{"line":137,"column":59}},"type":"binary-expr","locations":[{"start":{"line":137,"column":6},"end":{"line":137,"column":32}},{"start":{"line":137,"column":32},"end":{"line":137,"column":59}}],"line":137}},"s":{"0":54,"1":54,"2":54,"3":486,"4":734,"5":27,"6":486,"7":54,"8":54,"9":54,"10":486,"11":2205,"12":212,"13":486,"14":54,"15":54,"16":54,"17":162,"18":162,"19":486,"20":486,"21":486,"22":486,"23":819,"24":819,"25":1826,"26":321,"27":321,"28":819,"29":321,"30":486,"31":165,"32":54,"33":54,"34":54,"35":54,"36":486,"37":486,"38":4374,"39":39366,"40":1939,"41":486,"42":27,"43":54,"44":54,"45":54,"46":54,"47":54,"48":54,"49":54,"50":20,"51":20,"52":20,"53":12,"54":3,"55":3,"56":27,"57":20,"58":20,"59":58,"60":2,"61":2,"62":18,"63":20,"64":20,"65":46,"66":2,"67":2,"68":2,"69":2,"70":6,"71":6,"72":18,"73":20,"74":14,"75":10,"76":2,"77":2,"78":18,"79":18,"80":162,"81":18,"82":20,"83":2,"84":2,"85":18,"86":18,"87":162,"88":20},"f":{"0":54,"1":734,"2":54,"3":2205,"4":54,"5":54,"6":54,"7":20,"8":12,"9":58,"10":46,"11":10},"b":{"0":[27,459],"1":[212,274],"2":[321,1505],"3":[321,498],"4":[165,321],"5":[1939,37427],"6":[27,459],"7":[20,0],"8":[3,9],"9":[20,0],"10":[2,56],"11":[20,0],"12":[2,44],"13":[14,6],"14":[20,20],"15":[2,8],"16":[18,144],"17":[2,18],"18":[20,2]},"meta":{"lastBranch":19,"lastFunction":12,"lastStatement":89,"seen":{"f:5:9:5:26":0,"s:6:20:6:Infinity":0,"s:7:2:11:Infinity":1,"s:7:15:7:18":2,"b:8:4:10:Infinity:undefined:undefined:undefined:undefined":0,"s:8:4:10:Infinity":3,"f:8:23:8:30":1,"s:8:30:8:39":4,"s:9:6:9:Infinity":5,"s:12:2:12:Infinity":6,"f:15:9:15:26":2,"s:16:20:16:Infinity":7,"s:17:2:21:Infinity":8,"s:17:15:17:18":9,"b:18:4:20:Infinity:undefined:undefined:undefined:undefined":1,"s:18:4:20:Infinity":10,"f:18:20:18:27":3,"s:18:27:18:39":11,"s:19:6:19:Infinity":12,"s:22:2:22:Infinity":13,"f:25:9:25:27":4,"s:26:20:26:Infinity":14,"s:27:2:44:Infinity":15,"s:27:20:27:23":16,"s:28:4:43:Infinity":17,"s:28:22:28:25":18,"s:29:23:29:Infinity":19,"s:30:19:30:Infinity":20,"s:31:6:39:Infinity":21,"s:31:19:31:31":22,"s:32:8:37:Infinity":23,"s:32:21:32:33":24,"b:33:10:36:Infinity:undefined:undefined:undefined:undefined":2,"s:33:10:36:Infinity":25,"s:34:12:34:Infinity":26,"s:35:12:35:Infinity":27,"b:38:8:38:Infinity:undefined:undefined:undefined:undefined":3,"s:38:8:38:Infinity":28,"s:38:21:38:Infinity":29,"b:40:6:42:Infinity:undefined:undefined:undefined:undefined":4,"s:40:6:42:Infinity":30,"s:41:8:41:Infinity":31,"s:45:2:45:Infinity":32,"f:48:9:48:29":5,"s:49:20:49:Infinity":33,"s:50:2:60:Infinity":34,"s:50:17:50:20":35,"s:51:16:51:Infinity":36,"s:52:4:56:Infinity":37,"s:53:6:55:Infinity":38,"b:54:8:54:Infinity:undefined:undefined:undefined:undefined":5,"s:54:8:54:Infinity":39,"s:54:26:54:Infinity":40,"b:57:4:59:Infinity:undefined:undefined:undefined:undefined":6,"s:57:4:59:Infinity":41,"s:58:6:58:Infinity":42,"s:61:2:61:Infinity":43,"f:64:16:64:34":6,"s:65:24:65:Infinity":44,"s:66:24:66:Infinity":45,"s:67:25:67:Infinity":46,"s:68:27:68:Infinity":47,"s:69:25:69:Infinity":48,"s:71:2:77:Infinity":49,"f:80:16:80:Infinity":7,"s:85:20:85:Infinity":50,"b:87:2:95:Infinity:undefined:undefined:undefined:undefined":7,"s:87:2:95:Infinity":51,"s:88:4:94:Infinity":52,"f:88:34:88:41":8,"b:89:6:93:Infinity:undefined:undefined:undefined:undefined":8,"s:89:6:93:Infinity":53,"s:90:8:92:Infinity":54,"s:90:21:90:24":55,"s:91:10:91:Infinity":56,"b:97:2:105:Infinity:undefined:undefined:undefined:undefined":9,"s:97:2:105:Infinity":57,"s:98:4:104:Infinity":58,"f:98:34:98:41":9,"b:99:6:103:Infinity:undefined:undefined:undefined:undefined":10,"s:99:6:103:Infinity":59,"s:100:8:102:Infinity":60,"s:100:21:100:24":61,"s:101:10:101:Infinity":62,"b:107:2:119:Infinity:undefined:undefined:undefined:undefined":11,"s:107:2:119:Infinity":63,"s:108:4:118:Infinity":64,"f:108:35:108:47":10,"b:109:6:117:Infinity:undefined:undefined:undefined:undefined":12,"s:109:6:117:Infinity":65,"s:110:23:110:Infinity":66,"s:111:23:111:Infinity":67,"s:112:8:116:Infinity":68,"s:112:21:112:33":69,"s:113:10:115:Infinity":70,"s:113:23:113:35":71,"s:114:12:114:Infinity":72,"b:122:2:134:Infinity:undefined:undefined:undefined:undefined":13,"s:122:2:134:Infinity":73,"b:122:6:122:34:122:34:122:41":14,"s:123:4:133:Infinity":74,"f:123:37:123:44":11,"b:124:6:132:Infinity:undefined:undefined:undefined:undefined":15,"s:124:6:132:Infinity":75,"s:125:8:131:Infinity":76,"s:125:21:125:24":77,"s:126:10:130:Infinity":78,"s:126:23:126:26":79,"b:127:12:129:Infinity:undefined:undefined:undefined:undefined":16,"s:127:12:129:Infinity":80,"s:128:14:128:Infinity":81,"b:137:2:143:Infinity:undefined:undefined:undefined:undefined":17,"s:137:2:143:Infinity":82,"b:137:6:137:32:137:32:137:59":18,"s:138:4:142:Infinity":83,"s:138:17:138:20":84,"s:139:6:141:Infinity":85,"s:139:19:139:22":86,"s:140:8:140:Infinity":87,"s:145:2:145:Infinity":88}}}
,"/Users/pedrooliveiragonzaga/Documents/Development/daily-sudoku/src/features/game/lib/sudokuGenerator.ts": {"path":"/Users/pedrooliveiragonzaga/Documents/Development/daily-sudoku/src/features/game/lib/sudokuGenerator.ts","statementMap":{"0":{"start":{"line":8,"column":2},"end":{"line":8,"column":null}},"1":{"start":{"line":8,"column":41},"end":{"line":8,"column":57}},"2":{"start":{"line":12,"column":8},"end":{"line":12,"column":null}},"3":{"start":{"line":13,"column":10},"end":{"line":13,"column":null}},"4":{"start":{"line":14,"column":2},"end":{"line":18,"column":null}},"5":{"start":{"line":14,"column":15},"end":{"line":14,"column":25}},"6":{"start":{"line":15,"column":4},"end":{"line":17,"column":null}},"7":{"start":{"line":15,"column":17},"end":{"line":15,"column":27}},"8":{"start":{"line":16,"column":6},"end":{"line":16,"column":null}},"9":{"start":{"line":22,"column":2},"end":{"line":39,"column":null}},"10":{"start":{"line":22,"column":15},"end":{"line":22,"column":18}},"11":{"start":{"line":23,"column":4},"end":{"line":38,"column":null}},"12":{"start":{"line":23,"column":17},"end":{"line":23,"column":20}},"13":{"start":{"line":24,"column":6},"end":{"line":24,"column":null}},"14":{"start":{"line":24,"column":29},"end":{"line":24,"column":null}},"15":{"start":{"line":26,"column":25},"end":{"line":26,"column":null}},"16":{"start":{"line":27,"column":6},"end":{"line":27,"column":null}},"17":{"start":{"line":27,"column":18},"end":{"line":27,"column":null}},"18":{"start":{"line":29,"column":6},"end":{"line":35,"column":null}},"19":{"start":{"line":30,"column":8},"end":{"line":34,"column":null}},"20":{"start":{"line":31,"column":10},"end":{"line":31,"column":null}},"21":{"start":{"line":32,"column":10},"end":{"line":32,"column":null}},"22":{"start":{"line":32,"column":36},"end":{"line":32,"column":null}},"23":{"start":{"line":33,"column":10},"end":{"line":33,"column":null}},"24":{"start":{"line":37,"column":6},"end":{"line":37,"column":null}},"25":{"start":{"line":40,"column":2},"end":{"line":40,"column":null}},"26":{"start":{"line":44,"column":2},"end":{"line":59,"column":null}},"27":{"start":{"line":44,"column":15},"end":{"line":44,"column":18}},"28":{"start":{"line":45,"column":4},"end":{"line":58,"column":null}},"29":{"start":{"line":45,"column":17},"end":{"line":45,"column":20}},"30":{"start":{"line":46,"column":6},"end":{"line":46,"column":null}},"31":{"start":{"line":46,"column":29},"end":{"line":46,"column":null}},"32":{"start":{"line":48,"column":18},"end":{"line":48,"column":null}},"33":{"start":{"line":49,"column":6},"end":{"line":56,"column":null}},"34":{"start":{"line":49,"column":21},"end":{"line":49,"column":24}},"35":{"start":{"line":50,"column":8},"end":{"line":55,"column":null}},"36":{"start":{"line":51,"column":10},"end":{"line":51,"column":null}},"37":{"start":{"line":52,"column":10},"end":{"line":52,"column":null}},"38":{"start":{"line":53,"column":10},"end":{"line":53,"column":null}},"39":{"start":{"line":54,"column":10},"end":{"line":54,"column":null}},"40":{"start":{"line":54,"column":30},"end":{"line":54,"column":null}},"41":{"start":{"line":57,"column":6},"end":{"line":57,"column":null}},"42":{"start":{"line":60,"column":2},"end":{"line":60,"column":null}},"43":{"start":{"line":68,"column":19},"end":{"line":68,"column":null}},"44":{"start":{"line":70,"column":2},"end":{"line":70,"column":null}},"45":{"start":{"line":71,"column":2},"end":{"line":71,"column":null}},"46":{"start":{"line":72,"column":2},"end":{"line":72,"column":null}},"47":{"start":{"line":74,"column":2},"end":{"line":74,"column":null}},"48":{"start":{"line":76,"column":17},"end":{"line":76,"column":null}},"49":{"start":{"line":76,"column":37},"end":{"line":76,"column":45}},"50":{"start":{"line":77,"column":20},"end":{"line":77,"column":null}},"51":{"start":{"line":77,"column":57},"end":{"line":77,"column":58}},"52":{"start":{"line":78,"column":2},"end":{"line":78,"column":null}},"53":{"start":{"line":80,"column":16},"end":{"line":80,"column":null}},"54":{"start":{"line":81,"column":17},"end":{"line":81,"column":null}},"55":{"start":{"line":83,"column":2},"end":{"line":98,"column":null}},"56":{"start":{"line":84,"column":4},"end":{"line":84,"column":null}},"57":{"start":{"line":84,"column":27},"end":{"line":84,"column":null}},"58":{"start":{"line":86,"column":14},"end":{"line":86,"column":null}},"59":{"start":{"line":87,"column":14},"end":{"line":87,"column":null}},"60":{"start":{"line":88,"column":19},"end":{"line":88,"column":null}},"61":{"start":{"line":90,"column":4},"end":{"line":90,"column":null}},"62":{"start":{"line":92,"column":22},"end":{"line":92,"column":null}},"63":{"start":{"line":92,"column":40},"end":{"line":92,"column":48}},"64":{"start":{"line":93,"column":4},"end":{"line":97,"column":null}},"65":{"start":{"line":94,"column":6},"end":{"line":94,"column":null}},"66":{"start":{"line":96,"column":6},"end":{"line":96,"column":null}},"67":{"start":{"line":100,"column":2},"end":{"line":100,"column":null}}},"fnMap":{"0":{"name":"emptyBoard","decl":{"start":{"line":7,"column":9},"end":{"line":7,"column":29}},"loc":{"start":{"line":7,"column":29},"end":{"line":9,"column":null}},"line":7},"1":{"name":"(anonymous_1)","decl":{"start":{"line":8,"column":35},"end":{"line":8,"column":41}},"loc":{"start":{"line":8,"column":41},"end":{"line":8,"column":57}},"line":8},"2":{"name":"fillBox","decl":{"start":{"line":11,"column":9},"end":{"line":11,"column":17}},"loc":{"start":{"line":11,"column":83},"end":{"line":19,"column":null}},"line":11},"3":{"name":"solve","decl":{"start":{"line":21,"column":9},"end":{"line":21,"column":15}},"loc":{"start":{"line":21,"column":55},"end":{"line":41,"column":null}},"line":21},"4":{"name":"countSolutions","decl":{"start":{"line":43,"column":9},"end":{"line":43,"column":24}},"loc":{"start":{"line":43,"column":57},"end":{"line":61,"column":null}},"line":43},"5":{"name":"generatePuzzle","decl":{"start":{"line":67,"column":16},"end":{"line":67,"column":31}},"loc":{"start":{"line":67,"column":76},"end":{"line":101,"column":null}},"line":67},"6":{"name":"(anonymous_6)","decl":{"start":{"line":76,"column":30},"end":{"line":76,"column":37}},"loc":{"start":{"line":76,"column":37},"end":{"line":76,"column":45}},"line":76},"7":{"name":"(anonymous_7)","decl":{"start":{"line":77,"column":47},"end":{"line":77,"column":48}},"loc":{"start":{"line":77,"column":57},"end":{"line":77,"column":58}},"line":77},"8":{"name":"(anonymous_8)","decl":{"start":{"line":92,"column":33},"end":{"line":92,"column":40}},"loc":{"start":{"line":92,"column":40},"end":{"line":92,"column":48}},"line":92}},"branchMap":{"0":{"loc":{"start":{"line":24,"column":6},"end":{"line":24,"column":null}},"type":"if","locations":[{"start":{"line":24,"column":6},"end":{"line":24,"column":null}},{"start":{},"end":{}}],"line":24},"1":{"loc":{"start":{"line":27,"column":6},"end":{"line":27,"column":null}},"type":"if","locations":[{"start":{"line":27,"column":6},"end":{"line":27,"column":null}},{"start":{},"end":{}}],"line":27},"2":{"loc":{"start":{"line":30,"column":8},"end":{"line":34,"column":null}},"type":"if","locations":[{"start":{"line":30,"column":8},"end":{"line":34,"column":null}},{"start":{},"end":{}}],"line":30},"3":{"loc":{"start":{"line":32,"column":10},"end":{"line":32,"column":null}},"type":"if","locations":[{"start":{"line":32,"column":10},"end":{"line":32,"column":null}},{"start":{},"end":{}}],"line":32},"4":{"loc":{"start":{"line":43,"column":38},"end":{"line":43,"column":57}},"type":"default-arg","locations":[{"start":{"line":43,"column":46},"end":{"line":43,"column":57}}],"line":43},"5":{"loc":{"start":{"line":46,"column":6},"end":{"line":46,"column":null}},"type":"if","locations":[{"start":{"line":46,"column":6},"end":{"line":46,"column":null}},{"start":{},"end":{}}],"line":46},"6":{"loc":{"start":{"line":50,"column":8},"end":{"line":55,"column":null}},"type":"if","locations":[{"start":{"line":50,"column":8},"end":{"line":55,"column":null}},{"start":{},"end":{}}],"line":50},"7":{"loc":{"start":{"line":54,"column":10},"end":{"line":54,"column":null}},"type":"if","locations":[{"start":{"line":54,"column":10},"end":{"line":54,"column":null}},{"start":{},"end":{}}],"line":54},"8":{"loc":{"start":{"line":67,"column":47},"end":{"line":67,"column":76}},"type":"default-arg","locations":[{"start":{"line":67,"column":55},"end":{"line":67,"column":76}}],"line":67},"9":{"loc":{"start":{"line":84,"column":4},"end":{"line":84,"column":null}},"type":"if","locations":[{"start":{"line":84,"column":4},"end":{"line":84,"column":null}},{"start":{},"end":{}}],"line":84},"10":{"loc":{"start":{"line":93,"column":4},"end":{"line":97,"column":null}},"type":"if","locations":[{"start":{"line":93,"column":4},"end":{"line":97,"column":null}},{"start":{"line":95,"column":11},"end":{"line":97,"column":null}}],"line":93}},"s":{"0":8,"1":72,"2":24,"3":24,"4":24,"5":24,"6":72,"7":72,"8":216,"9":2349,"10":2349,"11":12121,"12":12121,"13":100851,"14":98510,"15":2341,"16":2341,"17":2341,"18":2341,"19":19120,"20":2341,"21":2341,"22":432,"23":1909,"24":1909,"25":8,"26":142046,"27":142046,"28":583645,"29":583645,"30":4825983,"31":4684397,"32":141586,"33":141586,"34":141586,"35":1268618,"36":141617,"37":141617,"38":141617,"39":141617,"40":1420,"41":140166,"42":460,"43":8,"44":8,"45":8,"46":8,"47":8,"48":8,"49":72,"50":8,"51":648,"52":8,"53":8,"54":8,"55":8,"56":437,"57":8,"58":429,"59":429,"60":429,"61":429,"62":429,"63":3861,"64":429,"65":398,"66":31,"67":8},"f":{"0":8,"1":72,"2":24,"3":2349,"4":142046,"5":8,"6":72,"7":648,"8":3861},"b":{"0":[98510,2341],"1":[2341,0],"2":[2341,16779],"3":[432,1909],"4":[142046],"5":[4684397,141586],"6":[141617,1127001],"7":[1420,140197],"8":[8],"9":[8,429],"10":[398,31]},"meta":{"lastBranch":11,"lastFunction":9,"lastStatement":68,"seen":{"f:7:9:7:29":0,"s:8:2:8:Infinity":0,"f:8:35:8:41":1,"s:8:41:8:57":1,"f:11:9:11:17":2,"s:12:8:12:Infinity":2,"s:13:10:13:Infinity":3,"s:14:2:18:Infinity":4,"s:14:15:14:25":5,"s:15:4:17:Infinity":6,"s:15:17:15:27":7,"s:16:6:16:Infinity":8,"f:21:9:21:15":3,"s:22:2:39:Infinity":9,"s:22:15:22:18":10,"s:23:4:38:Infinity":11,"s:23:17:23:20":12,"b:24:6:24:Infinity:undefined:undefined:undefined:undefined":0,"s:24:6:24:Infinity":13,"s:24:29:24:Infinity":14,"s:26:25:26:Infinity":15,"b:27:6:27:Infinity:undefined:undefined:undefined:undefined":1,"s:27:6:27:Infinity":16,"s:27:18:27:Infinity":17,"s:29:6:35:Infinity":18,"b:30:8:34:Infinity:undefined:undefined:undefined:undefined":2,"s:30:8:34:Infinity":19,"s:31:10:31:Infinity":20,"b:32:10:32:Infinity:undefined:undefined:undefined:undefined":3,"s:32:10:32:Infinity":21,"s:32:36:32:Infinity":22,"s:33:10:33:Infinity":23,"s:37:6:37:Infinity":24,"s:40:2:40:Infinity":25,"f:43:9:43:24":4,"b:43:46:43:57":4,"s:44:2:59:Infinity":26,"s:44:15:44:18":27,"s:45:4:58:Infinity":28,"s:45:17:45:20":29,"b:46:6:46:Infinity:undefined:undefined:undefined:undefined":5,"s:46:6:46:Infinity":30,"s:46:29:46:Infinity":31,"s:48:18:48:Infinity":32,"s:49:6:56:Infinity":33,"s:49:21:49:24":34,"b:50:8:55:Infinity:undefined:undefined:undefined:undefined":6,"s:50:8:55:Infinity":35,"s:51:10:51:Infinity":36,"s:52:10:52:Infinity":37,"s:53:10:53:Infinity":38,"b:54:10:54:Infinity:undefined:undefined:undefined:undefined":7,"s:54:10:54:Infinity":39,"s:54:30:54:Infinity":40,"s:57:6:57:Infinity":41,"s:60:2:60:Infinity":42,"f:67:16:67:31":5,"b:67:55:67:76":8,"s:68:19:68:Infinity":43,"s:70:2:70:Infinity":44,"s:71:2:71:Infinity":45,"s:72:2:72:Infinity":46,"s:74:2:74:Infinity":47,"s:76:17:76:Infinity":48,"f:76:30:76:37":6,"s:76:37:76:45":49,"s:77:20:77:Infinity":50,"f:77:47:77:48":7,"s:77:57:77:58":51,"s:78:2:78:Infinity":52,"s:80:16:80:Infinity":53,"s:81:17:81:Infinity":54,"s:83:2:98:Infinity":55,"b:84:4:84:Infinity:undefined:undefined:undefined:undefined":9,"s:84:4:84:Infinity":56,"s:84:27:84:Infinity":57,"s:86:14:86:Infinity":58,"s:87:14:87:Infinity":59,"s:88:19:88:Infinity":60,"s:90:4:90:Infinity":61,"s:92:22:92:Infinity":62,"f:92:33:92:40":8,"s:92:40:92:48":63,"b:93:4:97:Infinity:95:11:97:Infinity":10,"s:93:4:97:Infinity":64,"s:94:6:94:Infinity":65,"s:96:6:96:Infinity":66,"s:100:2:100:Infinity":67}}}
,"/Users/pedrooliveiragonzaga/Documents/Development/daily-sudoku/src/features/game/lib/sudokuValidator.ts": {"path":"/Users/pedrooliveiragonzaga/Documents/Development/daily-sudoku/src/features/game/lib/sudokuValidator.ts","statementMap":{"0":{"start":{"line":4,"column":2},"end":{"line":4,"column":null}},"1":{"start":{"line":4,"column":45},"end":{"line":4,"column":null}},"2":{"start":{"line":6,"column":2},"end":{"line":8,"column":null}},"3":{"start":{"line":6,"column":15},"end":{"line":6,"column":18}},"4":{"start":{"line":7,"column":4},"end":{"line":7,"column":null}},"5":{"start":{"line":7,"column":31},"end":{"line":7,"column":null}},"6":{"start":{"line":10,"column":17},"end":{"line":10,"column":null}},"7":{"start":{"line":11,"column":17},"end":{"line":11,"column":null}},"8":{"start":{"line":12,"column":2},"end":{"line":16,"column":null}},"9":{"start":{"line":12,"column":15},"end":{"line":12,"column":23}},"10":{"start":{"line":13,"column":4},"end":{"line":15,"column":null}},"11":{"start":{"line":13,"column":17},"end":{"line":13,"column":25}},"12":{"start":{"line":14,"column":6},"end":{"line":14,"column":null}},"13":{"start":{"line":14,"column":31},"end":{"line":14,"column":null}},"14":{"start":{"line":18,"column":2},"end":{"line":18,"column":null}},"15":{"start":{"line":22,"column":20},"end":{"line":22,"column":null}},"16":{"start":{"line":24,"column":2},"end":{"line":53,"column":null}},"17":{"start":{"line":24,"column":15},"end":{"line":24,"column":18}},"18":{"start":{"line":25,"column":4},"end":{"line":52,"column":null}},"19":{"start":{"line":25,"column":17},"end":{"line":25,"column":20}},"20":{"start":{"line":26,"column":18},"end":{"line":26,"column":null}},"21":{"start":{"line":27,"column":6},"end":{"line":27,"column":null}},"22":{"start":{"line":27,"column":21},"end":{"line":27,"column":null}},"23":{"start":{"line":29,"column":6},"end":{"line":34,"column":null}},"24":{"start":{"line":29,"column":20},"end":{"line":29,"column":23}},"25":{"start":{"line":30,"column":8},"end":{"line":33,"column":null}},"26":{"start":{"line":31,"column":10},"end":{"line":31,"column":null}},"27":{"start":{"line":32,"column":10},"end":{"line":32,"column":null}},"28":{"start":{"line":36,"column":6},"end":{"line":41,"column":null}},"29":{"start":{"line":36,"column":20},"end":{"line":36,"column":23}},"30":{"start":{"line":37,"column":8},"end":{"line":40,"column":null}},"31":{"start":{"line":38,"column":10},"end":{"line":38,"column":null}},"32":{"start":{"line":39,"column":10},"end":{"line":39,"column":null}},"33":{"start":{"line":42,"column":21},"end":{"line":42,"column":null}},"34":{"start":{"line":43,"column":21},"end":{"line":43,"column":null}},"35":{"start":{"line":44,"column":6},"end":{"line":51,"column":null}},"36":{"start":{"line":44,"column":20},"end":{"line":44,"column":28}},"37":{"start":{"line":45,"column":8},"end":{"line":50,"column":null}},"38":{"start":{"line":45,"column":22},"end":{"line":45,"column":30}},"39":{"start":{"line":46,"column":10},"end":{"line":49,"column":null}},"40":{"start":{"line":47,"column":12},"end":{"line":47,"column":null}},"41":{"start":{"line":48,"column":12},"end":{"line":48,"column":null}},"42":{"start":{"line":55,"column":2},"end":{"line":55,"column":null}},"43":{"start":{"line":59,"column":2},"end":{"line":63,"column":null}},"44":{"start":{"line":59,"column":15},"end":{"line":59,"column":18}},"45":{"start":{"line":60,"column":4},"end":{"line":62,"column":null}},"46":{"start":{"line":60,"column":17},"end":{"line":60,"column":20}},"47":{"start":{"line":61,"column":6},"end":{"line":61,"column":null}},"48":{"start":{"line":61,"column":42},"end":{"line":61,"column":null}},"49":{"start":{"line":64,"column":2},"end":{"line":64,"column":null}},"50":{"start":{"line":68,"column":2},"end":{"line":68,"column":null}},"51":{"start":{"line":68,"column":26},"end":{"line":68,"column":34}}},"fnMap":{"0":{"name":"isValidPlacement","decl":{"start":{"line":3,"column":16},"end":{"line":3,"column":33}},"loc":{"start":{"line":3,"column":95},"end":{"line":19,"column":null}},"line":3},"1":{"name":"getConflicts","decl":{"start":{"line":21,"column":16},"end":{"line":21,"column":29}},"loc":{"start":{"line":21,"column":56},"end":{"line":56,"column":null}},"line":21},"2":{"name":"isBoardComplete","decl":{"start":{"line":58,"column":16},"end":{"line":58,"column":32}},"loc":{"start":{"line":58,"column":72},"end":{"line":65,"column":null}},"line":58},"3":{"name":"cloneBoard","decl":{"start":{"line":67,"column":16},"end":{"line":67,"column":27}},"loc":{"start":{"line":67,"column":48},"end":{"line":69,"column":null}},"line":67},"4":{"name":"(anonymous_4)","decl":{"start":{"line":68,"column":19},"end":{"line":68,"column":26}},"loc":{"start":{"line":68,"column":26},"end":{"line":68,"column":34}},"line":68}},"branchMap":{"0":{"loc":{"start":{"line":4,"column":2},"end":{"line":4,"column":null}},"type":"if","locations":[{"start":{"line":4,"column":2},"end":{"line":4,"column":null}},{"start":{},"end":{}}],"line":4},"1":{"loc":{"start":{"line":7,"column":4},"end":{"line":7,"column":null}},"type":"if","locations":[{"start":{"line":7,"column":4},"end":{"line":7,"column":null}},{"start":{},"end":{}}],"line":7},"2":{"loc":{"start":{"line":14,"column":6},"end":{"line":14,"column":null}},"type":"if","locations":[{"start":{"line":14,"column":6},"end":{"line":14,"column":null}},{"start":{},"end":{}}],"line":14},"3":{"loc":{"start":{"line":27,"column":6},"end":{"line":27,"column":null}},"type":"if","locations":[{"start":{"line":27,"column":6},"end":{"line":27,"column":null}},{"start":{},"end":{}}],"line":27},"4":{"loc":{"start":{"line":30,"column":8},"end":{"line":33,"column":null}},"type":"if","locations":[{"start":{"line":30,"column":8},"end":{"line":33,"column":null}},{"start":{},"end":{}}],"line":30},"5":{"loc":{"start":{"line":30,"column":12},"end":{"line":30,"column":46}},"type":"binary-expr","locations":[{"start":{"line":30,"column":12},"end":{"line":30,"column":24}},{"start":{"line":30,"column":24},"end":{"line":30,"column":46}}],"line":30},"6":{"loc":{"start":{"line":37,"column":8},"end":{"line":40,"column":null}},"type":"if","locations":[{"start":{"line":37,"column":8},"end":{"line":40,"column":null}},{"start":{},"end":{}}],"line":37},"7":{"loc":{"start":{"line":37,"column":12},"end":{"line":37,"column":46}},"type":"binary-expr","locations":[{"start":{"line":37,"column":12},"end":{"line":37,"column":24}},{"start":{"line":37,"column":24},"end":{"line":37,"column":46}}],"line":37},"8":{"loc":{"start":{"line":46,"column":10},"end":{"line":49,"column":null}},"type":"if","locations":[{"start":{"line":46,"column":10},"end":{"line":49,"column":null}},{"start":{},"end":{}}],"line":46},"9":{"loc":{"start":{"line":46,"column":10},"end":{"line":46,"column":63}},"type":"binary-expr","locations":[{"start":{"line":46,"column":15},"end":{"line":46,"column":27}},{"start":{"line":46,"column":27},"end":{"line":46,"column":40}},{"start":{"line":46,"column":40},"end":{"line":46,"column":63}}],"line":46},"10":{"loc":{"start":{"line":61,"column":6},"end":{"line":61,"column":null}},"type":"if","locations":[{"start":{"line":61,"column":6},"end":{"line":61,"column":null}},{"start":{},"end":{}}],"line":61}},"s":{"0":1287824,"1":883692,"2":404132,"3":404132,"4":2616738,"5":227126,"6":177006,"7":177006,"8":177006,"9":177006,"10":490232,"11":490232,"12":1436623,"13":32965,"14":144041,"15":5,"16":5,"17":5,"18":45,"19":45,"20":405,"21":405,"22":397,"23":8,"24":8,"25":72,"26":2,"27":2,"28":8,"29":8,"30":72,"31":2,"32":2,"33":8,"34":8,"35":8,"36":8,"37":24,"38":24,"39":72,"40":2,"41":2,"42":5,"43":15,"44":15,"45":31,"46":31,"47":180,"48":13,"49":2,"50":34,"51":306},"f":{"0":1287824,"1":5,"2":15,"3":34,"4":306},"b":{"0":[883692,404132],"1":[227126,2389612],"2":[32965,1403658],"3":[397,8],"4":[2,70],"5":[72,64],"6":[2,70],"7":[72,64],"8":[2,70],"9":[72,24,64],"10":[13,167]},"meta":{"lastBranch":11,"lastFunction":5,"lastStatement":52,"seen":{"f:3:16:3:33":0,"b:4:2:4:Infinity:undefined:undefined:undefined:undefined":0,"s:4:2:4:Infinity":0,"s:4:45:4:Infinity":1,"s:6:2:8:Infinity":2,"s:6:15:6:18":3,"b:7:4:7:Infinity:undefined:undefined:undefined:undefined":1,"s:7:4:7:Infinity":4,"s:7:31:7:Infinity":5,"s:10:17:10:Infinity":6,"s:11:17:11:Infinity":7,"s:12:2:16:Infinity":8,"s:12:15:12:23":9,"s:13:4:15:Infinity":10,"s:13:17:13:25":11,"b:14:6:14:Infinity:undefined:undefined:undefined:undefined":2,"s:14:6:14:Infinity":12,"s:14:31:14:Infinity":13,"s:18:2:18:Infinity":14,"f:21:16:21:29":1,"s:22:20:22:Infinity":15,"s:24:2:53:Infinity":16,"s:24:15:24:18":17,"s:25:4:52:Infinity":18,"s:25:17:25:20":19,"s:26:18:26:Infinity":20,"b:27:6:27:Infinity:undefined:undefined:undefined:undefined":3,"s:27:6:27:Infinity":21,"s:27:21:27:Infinity":22,"s:29:6:34:Infinity":23,"s:29:20:29:23":24,"b:30:8:33:Infinity:undefined:undefined:undefined:undefined":4,"s:30:8:33:Infinity":25,"b:30:12:30:24:30:24:30:46":5,"s:31:10:31:Infinity":26,"s:32:10:32:Infinity":27,"s:36:6:41:Infinity":28,"s:36:20:36:23":29,"b:37:8:40:Infinity:undefined:undefined:undefined:undefined":6,"s:37:8:40:Infinity":30,"b:37:12:37:24:37:24:37:46":7,"s:38:10:38:Infinity":31,"s:39:10:39:Infinity":32,"s:42:21:42:Infinity":33,"s:43:21:43:Infinity":34,"s:44:6:51:Infinity":35,"s:44:20:44:28":36,"s:45:8:50:Infinity":37,"s:45:22:45:30":38,"b:46:10:49:Infinity:undefined:undefined:undefined:undefined":8,"s:46:10:49:Infinity":39,"b:46:15:46:27:46:27:46:40:46:40:46:63":9,"s:47:12:47:Infinity":40,"s:48:12:48:Infinity":41,"s:55:2:55:Infinity":42,"f:58:16:58:32":2,"s:59:2:63:Infinity":43,"s:59:15:59:18":44,"s:60:4:62:Infinity":45,"s:60:17:60:20":46,"b:61:6:61:Infinity:undefined:undefined:undefined:undefined":10,"s:61:6:61:Infinity":47,"s:61:42:61:Infinity":48,"s:64:2:64:Infinity":49,"f:67:16:67:27":3,"s:68:2:68:Infinity":50,"f:68:19:68:26":4,"s:68:26:68:34":51}}}
,"/Users/pedrooliveiragonzaga/Documents/Development/daily-sudoku/src/shared/lib/localGameStorage.ts": {"path":"/Users/pedrooliveiragonzaga/Documents/Development/daily-sudoku/src/shared/lib/localGameStorage.ts","statementMap":{"0":{"start":{"line":4,"column":19},"end":{"line":4,"column":null}},"1":{"start":{"line":18,"column":2},"end":{"line":18,"column":null}},"2":{"start":{"line":22,"column":2},"end":{"line":22,"column":null}},"3":{"start":{"line":22,"column":26},"end":{"line":22,"column":59}},"4":{"start":{"line":22,"column":42},"end":{"line":22,"column":58}},"5":{"start":{"line":26,"column":2},"end":{"line":26,"column":null}},"6":{"start":{"line":26,"column":24},"end":{"line":26,"column":54}},"7":{"start":{"line":26,"column":40},"end":{"line":26,"column":53}},"8":{"start":{"line":30,"column":33},"end":{"line":37,"column":null}},"9":{"start":{"line":38,"column":2},"end":{"line":42,"column":null}},"10":{"start":{"line":39,"column":4},"end":{"line":39,"column":null}},"11":{"start":{"line":51,"column":2},"end":{"line":80,"column":null}},"12":{"start":{"line":52,"column":16},"end":{"line":52,"column":null}},"13":{"start":{"line":53,"column":4},"end":{"line":53,"column":null}},"14":{"start":{"line":53,"column":14},"end":{"line":53,"column":null}},"15":{"start":{"line":54,"column":34},"end":{"line":54,"column":null}},"16":{"start":{"line":56,"column":18},"end":{"line":56,"column":null}},"17":{"start":{"line":57,"column":4},"end":{"line":77,"column":null}},"18":{"start":{"line":79,"column":4},"end":{"line":79,"column":null}},"19":{"start":{"line":89,"column":28},"end":{"line":89,"column":null}},"20":{"start":{"line":89,"column":46},"end":{"line":89,"column":73}},"21":{"start":{"line":89,"column":62},"end":{"line":89,"column":72}},"22":{"start":{"line":90,"column":36},"end":{"line":92,"column":null}},"23":{"start":{"line":91,"column":4},"end":{"line":91,"column":null}},"24":{"start":{"line":91,"column":36},"end":{"line":91,"column":53}},"25":{"start":{"line":94,"column":16},"end":{"line":94,"column":null}},"26":{"start":{"line":94,"column":34},"end":{"line":94,"column":42}},"27":{"start":{"line":95,"column":2},"end":{"line":115,"column":null}},"28":{"start":{"line":119,"column":2},"end":{"line":130,"column":null}},"29":{"start":{"line":120,"column":35},"end":{"line":120,"column":null}},"30":{"start":{"line":121,"column":4},"end":{"line":126,"column":null}},"31":{"start":{"line":121,"column":17},"end":{"line":121,"column":20}},"32":{"start":{"line":122,"column":18},"end":{"line":122,"column":null}},"33":{"start":{"line":123,"column":6},"end":{"line":125,"column":null}},"34":{"start":{"line":124,"column":8},"end":{"line":124,"column":null}},"35":{"start":{"line":127,"column":4},"end":{"line":127,"column":null}},"36":{"start":{"line":127,"column":30},"end":{"line":127,"column":56}},"37":{"start":{"line":133,"column":18},"end":{"line":133,"column":null}},"38":{"start":{"line":136,"column":2},"end":{"line":136,"column":null}},"39":{"start":{"line":136,"column":8},"end":{"line":136,"column":48}},"40":{"start":{"line":140,"column":2},"end":{"line":140,"column":null}},"41":{"start":{"line":140,"column":8},"end":{"line":140,"column":75}},"42":{"start":{"line":140,"column":85},"end":{"line":140,"column":98}}},"fnMap":{"0":{"name":"storageKey","decl":{"start":{"line":17,"column":9},"end":{"line":17,"column":20}},"loc":{"start":{"line":17,"column":48},"end":{"line":19,"column":null}},"line":17},"1":{"name":"serializeNotes","decl":{"start":{"line":21,"column":9},"end":{"line":21,"column":24}},"loc":{"start":{"line":21,"column":68},"end":{"line":23,"column":null}},"line":21},"2":{"name":"(anonymous_2)","decl":{"start":{"line":22,"column":19},"end":{"line":22,"column":26}},"loc":{"start":{"line":22,"column":26},"end":{"line":22,"column":59}},"line":22},"3":{"name":"(anonymous_3)","decl":{"start":{"line":22,"column":34},"end":{"line":22,"column":42}},"loc":{"start":{"line":22,"column":42},"end":{"line":22,"column":58}},"line":22},"4":{"name":"deserializeNotes","decl":{"start":{"line":25,"column":9},"end":{"line":25,"column":26}},"loc":{"start":{"line":25,"column":68},"end":{"line":27,"column":null}},"line":25},"5":{"name":"(anonymous_5)","decl":{"start":{"line":26,"column":17},"end":{"line":26,"column":24}},"loc":{"start":{"line":26,"column":24},"end":{"line":26,"column":54}},"line":26},"6":{"name":"(anonymous_6)","decl":{"start":{"line":26,"column":32},"end":{"line":26,"column":40}},"loc":{"start":{"line":26,"column":40},"end":{"line":26,"column":53}},"line":26},"7":{"name":"saveGameState","decl":{"start":{"line":29,"column":16},"end":{"line":29,"column":30}},"loc":{"start":{"line":29,"column":54},"end":{"line":43,"column":null}},"line":29},"8":{"name":"loadGameState","decl":{"start":{"line":45,"column":16},"end":{"line":45,"column":null}},"loc":{"start":{"line":50,"column":20},"end":{"line":81,"column":null}},"line":50},"9":{"name":"buildInitialState","decl":{"start":{"line":83,"column":16},"end":{"line":83,"column":null}},"loc":{"start":{"line":88,"column":13},"end":{"line":116,"column":null}},"line":88},"10":{"name":"(anonymous_10)","decl":{"start":{"line":89,"column":39},"end":{"line":89,"column":46}},"loc":{"start":{"line":89,"column":46},"end":{"line":89,"column":73}},"line":89},"11":{"name":"(anonymous_11)","decl":{"start":{"line":89,"column":54},"end":{"line":89,"column":62}},"loc":{"start":{"line":89,"column":62},"end":{"line":89,"column":72}},"line":89},"12":{"name":"(anonymous_12)","decl":{"start":{"line":90,"column":62},"end":{"line":90,"column":null}},"loc":{"start":{"line":91,"column":4},"end":{"line":91,"column":null}},"line":91},"13":{"name":"(anonymous_13)","decl":{"start":{"line":91,"column":30},"end":{"line":91,"column":36}},"loc":{"start":{"line":91,"column":36},"end":{"line":91,"column":53}},"line":91},"14":{"name":"(anonymous_14)","decl":{"start":{"line":94,"column":27},"end":{"line":94,"column":34}},"loc":{"start":{"line":94,"column":34},"end":{"line":94,"column":42}},"line":94},"15":{"name":"pruneOldGames","decl":{"start":{"line":118,"column":16},"end":{"line":118,"column":30}},"loc":{"start":{"line":118,"column":57},"end":{"line":131,"column":null}},"line":118},"16":{"name":"(anonymous_16)","decl":{"start":{"line":127,"column":25},"end":{"line":127,"column":30}},"loc":{"start":{"line":127,"column":30},"end":{"line":127,"column":56}},"line":127},"17":{"name":"saveTheme","decl":{"start":{"line":135,"column":16},"end":{"line":135,"column":26}},"loc":{"start":{"line":135,"column":57},"end":{"line":137,"column":null}},"line":135},"18":{"name":"loadTheme","decl":{"start":{"line":139,"column":16},"end":{"line":139,"column":53}},"loc":{"start":{"line":139,"column":53},"end":{"line":141,"column":null}},"line":139}},"branchMap":{"0":{"loc":{"start":{"line":53,"column":4},"end":{"line":53,"column":null}},"type":"if","locations":[{"start":{"line":53,"column":4},"end":{"line":53,"column":null}},{"start":{},"end":{}}],"line":53},"1":{"loc":{"start":{"line":123,"column":6},"end":{"line":125,"column":null}},"type":"if","locations":[{"start":{"line":123,"column":6},"end":{"line":125,"column":null}},{"start":{},"end":{}}],"line":123},"2":{"loc":{"start":{"line":123,"column":10},"end":{"line":123,"column":69}},"type":"binary-expr","locations":[{"start":{"line":123,"column":10},"end":{"line":123,"column":41}},{"start":{"line":123,"column":41},"end":{"line":123,"column":69}}],"line":123}},"s":{"0":1,"1":5,"2":2,"3":18,"4":162,"5":2,"6":18,"7":162,"8":2,"9":2,"10":2,"11":3,"12":3,"13":3,"14":1,"15":2,"16":2,"17":2,"18":0,"19":5,"20":45,"21":405,"22":5,"23":45,"24":405,"25":5,"26":45,"27":5,"28":2,"29":2,"30":2,"31":2,"32":5,"33":5,"34":3,"35":2,"36":3,"37":1,"38":3,"39":3,"40":3,"41":3,"42":0},"f":{"0":5,"1":2,"2":18,"3":162,"4":2,"5":18,"6":162,"7":2,"8":3,"9":5,"10":45,"11":405,"12":45,"13":405,"14":45,"15":2,"16":3,"17":3,"18":3},"b":{"0":[1,2],"1":[3,2],"2":[5,4]},"meta":{"lastBranch":3,"lastFunction":19,"lastStatement":43,"seen":{"s:4:19:4:Infinity":0,"f:17:9:17:20":0,"s:18:2:18:Infinity":1,"f:21:9:21:24":1,"s:22:2:22:Infinity":2,"f:22:19:22:26":2,"s:22:26:22:59":3,"f:22:34:22:42":3,"s:22:42:22:58":4,"f:25:9:25:26":4,"s:26:2:26:Infinity":5,"f:26:17:26:24":5,"s:26:24:26:54":6,"f:26:32:26:40":6,"s:26:40:26:53":7,"f:29:16:29:30":7,"s:30:33:37:Infinity":8,"s:38:2:42:Infinity":9,"s:39:4:39:Infinity":10,"f:45:16:45:Infinity":8,"s:51:2:80:Infinity":11,"s:52:16:52:Infinity":12,"b:53:4:53:Infinity:undefined:undefined:undefined:undefined":0,"s:53:4:53:Infinity":13,"s:53:14:53:Infinity":14,"s:54:34:54:Infinity":15,"s:56:18:56:Infinity":16,"s:57:4:77:Infinity":17,"s:79:4:79:Infinity":18,"f:83:16:83:Infinity":9,"s:89:28:89:Infinity":19,"f:89:39:89:46":10,"s:89:46:89:73":20,"f:89:54:89:62":11,"s:89:62:89:72":21,"s:90:36:92:Infinity":22,"f:90:62:90:Infinity":12,"s:91:4:91:Infinity":23,"f:91:30:91:36":13,"s:91:36:91:53":24,"s:94:16:94:Infinity":25,"f:94:27:94:34":14,"s:94:34:94:42":26,"s:95:2:115:Infinity":27,"f:118:16:118:30":15,"s:119:2:130:Infinity":28,"s:120:35:120:Infinity":29,"s:121:4:126:Infinity":30,"s:121:17:121:20":31,"s:122:18:122:Infinity":32,"b:123:6:125:Infinity:undefined:undefined:undefined:undefined":1,"s:123:6:125:Infinity":33,"b:123:10:123:41:123:41:123:69":2,"s:124:8:124:Infinity":34,"s:127:4:127:Infinity":35,"f:127:25:127:30":16,"s:127:30:127:56":36,"s:133:18:133:Infinity":37,"f:135:16:135:26":17,"s:136:2:136:Infinity":38,"s:136:8:136:48":39,"f:139:16:139:53":18,"s:140:2:140:Infinity":40,"s:140:8:140:75":41,"s:140:85:140:98":42}}}
,"/Users/pedrooliveiragonzaga/Documents/Development/daily-sudoku/src/shared/lib/seededRandom.ts": {"path":"/Users/pedrooliveiragonzaga/Documents/Development/daily-sudoku/src/shared/lib/seededRandom.ts","statementMap":{"0":{"start":{"line":2,"column":10},"end":{"line":2,"column":null}},"1":{"start":{"line":3,"column":2},"end":{"line":6,"column":null}},"2":{"start":{"line":3,"column":15},"end":{"line":3,"column":18}},"3":{"start":{"line":4,"column":4},"end":{"line":4,"column":null}},"4":{"start":{"line":5,"column":4},"end":{"line":5,"column":null}},"5":{"start":{"line":7,"column":2},"end":{"line":7,"column":null}},"6":{"start":{"line":11,"column":10},"end":{"line":11,"column":null}},"7":{"start":{"line":13,"column":2},"end":{"line":19,"column":null}},"8":{"start":{"line":14,"column":4},"end":{"line":14,"column":null}},"9":{"start":{"line":15,"column":4},"end":{"line":15,"column":null}},"10":{"start":{"line":16,"column":12},"end":{"line":16,"column":null}},"11":{"start":{"line":17,"column":4},"end":{"line":17,"column":null}},"12":{"start":{"line":18,"column":4},"end":{"line":18,"column":null}},"13":{"start":{"line":23,"column":2},"end":{"line":26,"column":null}},"14":{"start":{"line":23,"column":15},"end":{"line":23,"column":31}},"15":{"start":{"line":24,"column":14},"end":{"line":24,"column":null}},"16":{"start":{"line":25,"column":4},"end":{"line":25,"column":null}},"17":{"start":{"line":27,"column":2},"end":{"line":27,"column":null}}},"fnMap":{"0":{"name":"hashString","decl":{"start":{"line":1,"column":9},"end":{"line":1,"column":20}},"loc":{"start":{"line":1,"column":41},"end":{"line":8,"column":null}},"line":1},"1":{"name":"createSeededRandom","decl":{"start":{"line":10,"column":16},"end":{"line":10,"column":35}},"loc":{"start":{"line":10,"column":49},"end":{"line":20,"column":null}},"line":10},"2":{"name":"random","decl":{"start":{"line":13,"column":18},"end":{"line":13,"column":35}},"loc":{"start":{"line":13,"column":35},"end":{"line":19,"column":null}},"line":13},"3":{"name":"seededShuffle","decl":{"start":{"line":22,"column":16},"end":{"line":22,"column":33}},"loc":{"start":{"line":22,"column":70},"end":{"line":28,"column":null}},"line":22}},"branchMap":{},"s":{"0":17,"1":17,"2":17,"3":155,"4":155,"5":17,"6":17,"7":17,"8":19748,"9":19748,"10":19748,"11":19748,"12":19748,"13":2377,"14":2377,"15":19588,"16":19588,"17":2377},"f":{"0":17,"1":17,"2":19748,"3":2377},"b":{},"meta":{"lastBranch":0,"lastFunction":4,"lastStatement":18,"seen":{"f:1:9:1:20":0,"s:2:10:2:Infinity":0,"s:3:2:6:Infinity":1,"s:3:15:3:18":2,"s:4:4:4:Infinity":3,"s:5:4:5:Infinity":4,"s:7:2:7:Infinity":5,"f:10:16:10:35":1,"s:11:10:11:Infinity":6,"s:13:2:19:Infinity":7,"f:13:18:13:35":2,"s:14:4:14:Infinity":8,"s:15:4:15:Infinity":9,"s:16:12:16:Infinity":10,"s:17:4:17:Infinity":11,"s:18:4:18:Infinity":12,"f:22:16:22:33":3,"s:23:2:26:Infinity":13,"s:23:15:23:31":14,"s:24:14:24:Infinity":15,"s:25:4:25:Infinity":16,"s:27:2:27:Infinity":17}}}
}
